Log: Log file open, 12/11/19 15:15:44
Init: WinSock: version 1.1 (2.2), MaxSocks=32767, MaxUdp=65467
Log:  ... running in INSTALLED mode
DevConfig: GConfig::Find has loaded file:  ..\..\Engine\Config\ConsoleVariables.ini
Init: Version: 12046
Init: Compiled (64-bit - Shipping): Apr 29 2014 14:14:59
Init: Changelist: 22533
Init: Command line: -installed -seekfreeloadingpcconsole
Init: Base directory: C:\Program Files (x86)\R.G. Mechanics\Outlast\Binaries\Win64\
Init: Executable: OLGame
[0000.19] Init: Computer: GFGDTTCE0013
[0000.19] Init: User: GauravBharti
[0000.19] Init: CPU Page size=4096, Processors=4
[0000.19] Init: High frequency timer resolution =10.000000 MHz
[0000.19] Init: Memory total: Physical=7.9GB (7GB approx) Pagefile=9.1GB Virtual=131072.0GB
[0000.20] Log: Steam Client API initialized 1
[0000.20] Log: Steam Game Server API initialized 1
[0000.20] Init: Presizing for 33476 objects not considered by GC, pre-allocating 0 bytes.
[0000.20] Init: Object subsystem initialized
[0000.20] Log: CachePaths() took 0.00 Seconds
[0000.22] Log: Using D3D9 device (0): Intel(R) HD Graphics 620
[0000.22] Log: Shader platform (RHI): PC-D3D-SM3
[0000.26] Log: PhysX GPU Support: DISABLED
[0006.55] Log: 60396 objects as part of root set at end of initial load.
[0006.55] Log: 0 out of 0 bytes used by permanent object pool.
[0006.55] Log: Initializing Engine...
[0006.64] Log: Wwise(R) SDK Version 2013.2.3 Build 4833. Copyright (c) 2006-2012 Audiokinetic Inc. / All Rights Reserved.
[0010.43] Log: Initializing Steamworks
[0010.44] Log: Logged in as 'RLD!'
[0010.60] Warning: Warning, Failed to load 'Class None.': Failed to find object 'Class None.'
[0010.61] Warning: Warning, Failed to find object 'Class None.'
[0010.61] Warning: Warning, Failed to load 'Class None.': Failed to find object 'Class None.'
[0010.61] Warning: Warning, Failed to find object 'Class None.'
[0010.61] Warning: Warning, Failed to load 'Class None.': Failed to find object 'Class None.'
[0010.61] Warning: Warning, Failed to find object 'Class None.'
[0010.61] Warning: Warning, Failed to load 'Class None.': Failed to find object 'Class None.'
[0010.61] Warning: Warning, Failed to find object 'Class None.'
[0010.62] Log: Found DLC CookedPCConsoleDLC
[0010.63] Log:  - Found 153 package files
[0010.64] Log:  - Found 198 content files
[0010.64] Log: Loading guid cache GuidCache_dlc1
[0010.67] DevDlc: Caching file: SB_DLC_VO_AI_Cannibal/..\..\OLGame\CookedPCConsoleDLC\English(US)\SB_DLC_VO_AI_Cannibal.bnk
[0010.67] DevDlc: Caching file: SB_DLC_VO_AI_Cannibal/..\..\OLGame\CookedPCConsoleDLC\English(US)\SB_DLC_VO_AI_Cannibal.txt
[0010.67] DevDlc: Caching file: SB_DLC_VO_AI_DDenis/..\..\OLGame\CookedPCConsoleDLC\English(US)\SB_DLC_VO_AI_DDenis.bnk
[0010.67] DevDlc: Caching file: SB_DLC_VO_AI_DDenis/..\..\OLGame\CookedPCConsoleDLC\English(US)\SB_DLC_VO_AI_DDenis.txt
[0010.67] DevDlc: Caching file: SB_DLC_VO_AI_Groom/..\..\OLGame\CookedPCConsoleDLC\English(US)\SB_DLC_VO_AI_Groom.bnk
[0010.67] DevDlc: Caching file: SB_DLC_VO_AI_Groom/..\..\OLGame\CookedPCConsoleDLC\English(US)\SB_DLC_VO_AI_Groom.txt
[0010.67] DevDlc: Caching file: SB_DLC_VO_AI_PATMANIC/..\..\OLGame\CookedPCConsoleDLC\English(US)\SB_DLC_VO_AI_PATMANIC.bnk
[0010.67] DevDlc: Caching file: SB_DLC_VO_AI_PATMANIC/..\..\OLGame\CookedPCConsoleDLC\English(US)\SB_DLC_VO_AI_PATMANIC.txt
[0010.67] DevDlc: Caching file: SB_DLC_VO_AI_PATSOCIO/..\..\OLGame\CookedPCConsoleDLC\English(US)\SB_DLC_VO_AI_PATSOCIO.bnk
[0010.67] DevDlc: Caching file: SB_DLC_VO_AI_PATSOCIO/..\..\OLGame\CookedPCConsoleDLC\English(US)\SB_DLC_VO_AI_PATSOCIO.txt
[0010.67] DevDlc: Caching file: SB_DLC_VO_AI_PATTERR/..\..\OLGame\CookedPCConsoleDLC\English(US)\SB_DLC_VO_AI_PATTERR.bnk
[0010.67] DevDlc: Caching file: SB_DLC_VO_AI_PATTERR/..\..\OLGame\CookedPCConsoleDLC\English(US)\SB_DLC_VO_AI_PATTERR.txt
[0010.67] DevDlc: Caching file: SB_DLC_VO_AI_SCICALM/..\..\OLGame\CookedPCConsoleDLC\English(US)\SB_DLC_VO_AI_SCICALM.bnk
[0010.67] DevDlc: Caching file: SB_DLC_VO_AI_SCICALM/..\..\OLGame\CookedPCConsoleDLC\English(US)\SB_DLC_VO_AI_SCICALM.txt
[0010.67] DevDlc: Caching file: SB_DLC_VO_AI_SCITERRI/..\..\OLGame\CookedPCConsoleDLC\English(US)\SB_DLC_VO_AI_SCITERRI.bnk
[0010.67] DevDlc: Caching file: SB_DLC_VO_AI_SCITERRI/..\..\OLGame\CookedPCConsoleDLC\English(US)\SB_DLC_VO_AI_SCITERRI.txt
[0010.67] DevDlc: Caching file: SB_DLC_VO_SE_Blaire_AdminRev/..\..\OLGame\CookedPCConsoleDLC\English(US)\SB_DLC_VO_SE_Blaire_AdminRev.bnk
[0010.67] DevDlc: Caching file: SB_DLC_VO_SE_Blaire_AdminRev/..\..\OLGame\CookedPCConsoleDLC\English(US)\SB_DLC_VO_SE_Blaire_AdminRev.txt
[0010.67] DevDlc: Caching file: SB_DLC_VO_SE_Blaire_Lab/..\..\OLGame\CookedPCConsoleDLC\English(US)\SB_DLC_VO_SE_Blaire_Lab.bnk
[0010.67] DevDlc: Caching file: SB_DLC_VO_SE_Blaire_Lab/..\..\OLGame\CookedPCConsoleDLC\English(US)\SB_DLC_VO_SE_Blaire_Lab.txt
[0010.67] DevDlc: Caching file: SB_DLC_VO_SE_Blaire_Prison/..\..\OLGame\CookedPCConsoleDLC\English(US)\SB_DLC_VO_SE_Blaire_Prison.bnk
[0010.67] DevDlc: Caching file: SB_DLC_VO_SE_Blaire_Prison/..\..\OLGame\CookedPCConsoleDLC\English(US)\SB_DLC_VO_SE_Blaire_Prison.txt
[0010.67] DevDlc: Caching file: SB_DLC_VO_SE_Cannibal_Build1/..\..\OLGame\CookedPCConsoleDLC\English(US)\SB_DLC_VO_SE_Cannibal_Build1.bnk
[0010.67] DevDlc: Caching file: SB_DLC_VO_SE_Cannibal_Build1/..\..\OLGame\CookedPCConsoleDLC\English(US)\SB_DLC_VO_SE_Cannibal_Build1.txt
[0010.67] DevDlc: Caching file: SB_DLC_VO_SE_DDenis_Attic/..\..\OLGame\CookedPCConsoleDLC\English(US)\SB_DLC_VO_SE_DDenis_Attic.bnk
[0010.67] DevDlc: Caching file: SB_DLC_VO_SE_DDenis_Attic/..\..\OLGame\CookedPCConsoleDLC\English(US)\SB_DLC_VO_SE_DDenis_Attic.txt
[0010.67] DevDlc: Caching file: SB_DLC_VO_SE_FMartin/..\..\OLGame\CookedPCConsoleDLC\English(US)\SB_DLC_VO_SE_FMartin.bnk
[0010.67] DevDlc: Caching file: SB_DLC_VO_SE_FMartin/..\..\OLGame\CookedPCConsoleDLC\English(US)\SB_DLC_VO_SE_FMartin.txt
[0010.67] DevDlc: Caching file: SB_DLC_VO_SE_Groom_Build2/..\..\OLGame\CookedPCConsoleDLC\English(US)\SB_DLC_VO_SE_Groom_Build2.bnk
[0010.67] DevDlc: Caching file: SB_DLC_VO_SE_Groom_Build2/..\..\OLGame\CookedPCConsoleDLC\English(US)\SB_DLC_VO_SE_Groom_Build2.txt
[0010.67] DevDlc: Caching file: SB_DLC_VO_SE_Groom_Lab/..\..\OLGame\CookedPCConsoleDLC\English(US)\SB_DLC_VO_SE_Groom_Lab.bnk
[0010.67] DevDlc: Caching file: SB_DLC_VO_SE_Groom_Lab/..\..\OLGame\CookedPCConsoleDLC\English(US)\SB_DLC_VO_SE_Groom_Lab.txt
[0010.67] DevDlc: Caching file: SB_DLC_VO_SE_Guard_AdminRev/..\..\OLGame\CookedPCConsoleDLC\English(US)\SB_DLC_VO_SE_Guard_AdminRev.bnk
[0010.67] DevDlc: Caching file: SB_DLC_VO_SE_Guard_AdminRev/..\..\OLGame\CookedPCConsoleDLC\English(US)\SB_DLC_VO_SE_Guard_AdminRev.txt
[0010.67] DevDlc: Caching file: SB_DLC_VO_SE_Guard_Build1/..\..\OLGame\CookedPCConsoleDLC\English(US)\SB_DLC_VO_SE_Guard_Build1.bnk
[0010.67] DevDlc: Caching file: SB_DLC_VO_SE_Guard_Build1/..\..\OLGame\CookedPCConsoleDLC\English(US)\SB_DLC_VO_SE_Guard_Build1.txt
[0010.67] DevDlc: Caching file: SB_DLC_VO_SE_Guard_Lab/..\..\OLGame\CookedPCConsoleDLC\English(US)\SB_DLC_VO_SE_Guard_Lab.bnk
[0010.67] DevDlc: Caching file: SB_DLC_VO_SE_Guard_Lab/..\..\OLGame\CookedPCConsoleDLC\English(US)\SB_DLC_VO_SE_Guard_Lab.txt
[0010.67] DevDlc: Caching file: SB_DLC_VO_SE_Guard_MaleWard/..\..\OLGame\CookedPCConsoleDLC\English(US)\SB_DLC_VO_SE_Guard_MaleWard.bnk
[0010.67] DevDlc: Caching file: SB_DLC_VO_SE_Guard_MaleWard/..\..\OLGame\CookedPCConsoleDLC\English(US)\SB_DLC_VO_SE_Guard_MaleWard.txt
[0010.67] DevDlc: Caching file: SB_DLC_VO_SE_Guard_PrisonRev/..\..\OLGame\CookedPCConsoleDLC\English(US)\SB_DLC_VO_SE_Guard_PrisonRev.bnk
[0010.67] DevDlc: Caching file: SB_DLC_VO_SE_Guard_PrisonRev/..\..\OLGame\CookedPCConsoleDLC\English(US)\SB_DLC_VO_SE_Guard_PrisonRev.txt
[0010.67] DevDlc: Caching file: SB_DLC_VO_SE_Julian/..\..\OLGame\CookedPCConsoleDLC\English(US)\SB_DLC_VO_SE_Julian.bnk
[0010.67] DevDlc: Caching file: SB_DLC_VO_SE_Julian/..\..\OLGame\CookedPCConsoleDLC\English(US)\SB_DLC_VO_SE_Julian.txt
[0010.67] DevDlc: Caching file: SB_DLC_VO_SE_Patients_Build1/..\..\OLGame\CookedPCConsoleDLC\English(US)\SB_DLC_VO_SE_Patients_Build1.bnk
[0010.67] DevDlc: Caching file: SB_DLC_VO_SE_Patients_Build1/..\..\OLGame\CookedPCConsoleDLC\English(US)\SB_DLC_VO_SE_Patients_Build1.txt
[0010.67] DevDlc: Caching file: SB_DLC_VO_SE_Patients_Build2/..\..\OLGame\CookedPCConsoleDLC\English(US)\SB_DLC_VO_SE_Patients_Build2.bnk
[0010.67] DevDlc: Caching file: SB_DLC_VO_SE_Patients_Build2/..\..\OLGame\CookedPCConsoleDLC\English(US)\SB_DLC_VO_SE_Patients_Build2.txt
[0010.67] DevDlc: Caching file: SB_DLC_VO_SE_Patients_PrisonRev/..\..\OLGame\CookedPCConsoleDLC\English(US)\SB_DLC_VO_SE_Patients_PrisonRev.bnk
[0010.67] DevDlc: Caching file: SB_DLC_VO_SE_Patients_PrisonRev/..\..\OLGame\CookedPCConsoleDLC\English(US)\SB_DLC_VO_SE_Patients_PrisonRev.txt
[0010.67] DevDlc: Caching file: SB_DLC_VO_SE_SCI_Build1/..\..\OLGame\CookedPCConsoleDLC\English(US)\SB_DLC_VO_SE_SCI_Build1.bnk
[0010.67] DevDlc: Caching file: SB_DLC_VO_SE_SCI_Build1/..\..\OLGame\CookedPCConsoleDLC\English(US)\SB_DLC_VO_SE_SCI_Build1.txt
[0010.67] DevDlc: Caching file: SB_DLC_VO_SE_SCI_Build2/..\..\OLGame\CookedPCConsoleDLC\English(US)\SB_DLC_VO_SE_SCI_Build2.bnk
[0010.67] DevDlc: Caching file: SB_DLC_VO_SE_SCI_Build2/..\..\OLGame\CookedPCConsoleDLC\English(US)\SB_DLC_VO_SE_SCI_Build2.txt
[0010.67] DevDlc: Caching file: SB_DLC_VO_SE_SCI_Lab/..\..\OLGame\CookedPCConsoleDLC\English(US)\SB_DLC_VO_SE_SCI_Lab.bnk
[0010.67] DevDlc: Caching file: SB_DLC_VO_SE_SCI_Lab/..\..\OLGame\CookedPCConsoleDLC\English(US)\SB_DLC_VO_SE_SCI_Lab.txt
[0010.67] DevDlc: Caching file: WwiseDefaultBank_Amb_Interior_01/..\..\OLGame\CookedPCConsoleDLC\English(US)\WwiseDefaultBank_Amb_Interior_01.txt
[0010.67] DevDlc: Caching file: WwiseDefaultBank_VO_ACT1_Various/..\..\OLGame\CookedPCConsoleDLC\English(US)\WwiseDefaultBank_VO_ACT1_Various.bnk
[0010.67] DevDlc: Caching file: WwiseDefaultBank_VO_ACT1_Various/..\..\OLGame\CookedPCConsoleDLC\English(US)\WwiseDefaultBank_VO_ACT1_Various.txt
[0010.67] DevDlc: Caching file: WwiseDefaultBank_VO_ACT3_Various/..\..\OLGame\CookedPCConsoleDLC\English(US)\WwiseDefaultBank_VO_ACT3_Various.bnk
[0010.67] DevDlc: Caching file: WwiseDefaultBank_VO_ACT3_Various/..\..\OLGame\CookedPCConsoleDLC\English(US)\WwiseDefaultBank_VO_ACT3_Various.txt
[0010.67] DevDlc: Caching file: WwiseDefaultBank_VO_Patient_Admin_Block_2/..\..\OLGame\CookedPCConsoleDLC\English(US)\WwiseDefaultBank_VO_Patient_Admin_Block_2.bnk
[0010.67] DevDlc: Caching file: WwiseDefaultBank_VO_Patient_Admin_Block_2/..\..\OLGame\CookedPCConsoleDLC\English(US)\WwiseDefaultBank_VO_Patient_Admin_Block_2.txt
[0010.67] DevDlc: Caching file: WwiseDefaultBank_VO_Patient_AI/..\..\OLGame\CookedPCConsoleDLC\English(US)\WwiseDefaultBank_VO_Patient_AI.bnk
[0010.67] DevDlc: Caching file: WwiseDefaultBank_VO_Patient_AI/..\..\OLGame\CookedPCConsoleDLC\English(US)\WwiseDefaultBank_VO_Patient_AI.txt
[0010.67] DevDlc: Caching file: WwiseDefaultBank_VO_Patient_Ext_Courtyard/..\..\OLGame\CookedPCConsoleDLC\English(US)\WwiseDefaultBank_VO_Patient_Ext_Courtyard.bnk
[0010.67] DevDlc: Caching file: WwiseDefaultBank_VO_Patient_Ext_Courtyard/..\..\OLGame\CookedPCConsoleDLC\English(US)\WwiseDefaultBank_VO_Patient_Ext_Courtyard.txt
[0010.67] DevDlc: Caching file: WwiseDefaultBank_VO_Patient_Female_Ward/..\..\OLGame\CookedPCConsoleDLC\English(US)\WwiseDefaultBank_VO_Patient_Female_Ward.bnk
[0010.67] DevDlc: Caching file: WwiseDefaultBank_VO_Patient_Female_Ward/..\..\OLGame\CookedPCConsoleDLC\English(US)\WwiseDefaultBank_VO_Patient_Female_Ward.txt
[0010.67] DevDlc: Caching file: WwiseDefaultBank_VO_Patient_Male_Ward_Bsmt/..\..\OLGame\CookedPCConsoleDLC\English(US)\WwiseDefaultBank_VO_Patient_Male_Ward_Bsmt.bnk
[0010.67] DevDlc: Caching file: WwiseDefaultBank_VO_Patient_Male_Ward_Bsmt/..\..\OLGame\CookedPCConsoleDLC\English(US)\WwiseDefaultBank_VO_Patient_Male_Ward_Bsmt.txt
[0010.67] DevDlc: Caching file: WwiseDefaultBank_VO_Patient_Male_Ward_Up_Lvls/..\..\OLGame\CookedPCConsoleDLC\English(US)\WwiseDefaultBank_VO_Patient_Male_Ward_Up_Lvls.bnk
[0010.67] DevDlc: Caching file: WwiseDefaultBank_VO_Patient_Male_Ward_Up_Lvls/..\..\OLGame\CookedPCConsoleDLC\English(US)\WwiseDefaultBank_VO_Patient_Male_Ward_Up_Lvls.txt
[0010.67] DevDlc: Caching file: WwiseDefaultBank_VO_Patient_Prison/..\..\OLGame\CookedPCConsoleDLC\English(US)\WwiseDefaultBank_VO_Patient_Prison.bnk
[0010.67] DevDlc: Caching file: WwiseDefaultBank_VO_Patient_Prison/..\..\OLGame\CookedPCConsoleDLC\English(US)\WwiseDefaultBank_VO_Patient_Prison.txt
[0010.67] DevDlc: Caching file: WwiseDefaultBank_VO_Patient_Sewers/..\..\OLGame\CookedPCConsoleDLC\English(US)\WwiseDefaultBank_VO_Patient_Sewers.bnk
[0010.67] DevDlc: Caching file: WwiseDefaultBank_VO_Patient_Sewers/..\..\OLGame\CookedPCConsoleDLC\English(US)\WwiseDefaultBank_VO_Patient_Sewers.txt
[0010.67] DevDlc: Caching file: WwiseDefaultBank_VO_Priest/..\..\OLGame\CookedPCConsoleDLC\English(US)\WwiseDefaultBank_VO_Priest.bnk
[0010.67] DevDlc: Caching file: WwiseDefaultBank_VO_Priest/..\..\OLGame\CookedPCConsoleDLC\English(US)\WwiseDefaultBank_VO_Priest.txt
[0010.67] DevDlc: Caching file: WwiseDefaultBank_VO_Soldier/..\..\OLGame\CookedPCConsoleDLC\English(US)\WwiseDefaultBank_VO_Soldier.bnk
[0010.67] DevDlc: Caching file: WwiseDefaultBank_VO_Soldier/..\..\OLGame\CookedPCConsoleDLC\English(US)\WwiseDefaultBank_VO_Soldier.txt
[0010.67] DevDlc: Caching file: WwiseDefaultBank_VO_Surgeon/..\..\OLGame\CookedPCConsoleDLC\English(US)\WwiseDefaultBank_VO_Surgeon.bnk
[0010.67] DevDlc: Caching file: WwiseDefaultBank_VO_Surgeon/..\..\OLGame\CookedPCConsoleDLC\English(US)\WwiseDefaultBank_VO_Surgeon.txt
[0010.67] DevDlc: Caching file: CharTextures_dlc1/..\..\OLGame\CookedPCConsoleDLC\CharTextures_dlc1.tfc
[0010.67] DevDlc: Caching file: GlobalShaderCache-PC-D3D-SM3/..\..\OLGame\CookedPCConsoleDLC\GlobalShaderCache-PC-D3D-SM3.bin
[0010.67] DevDlc: Caching file: Init/..\..\OLGame\CookedPCConsoleDLC\Init.bnk
[0010.67] DevDlc: Caching file: Init/..\..\OLGame\CookedPCConsoleDLC\Init.txt
[0010.67] DevDlc: Caching file: Lighting_dlc1/..\..\OLGame\CookedPCConsoleDLC\Lighting_dlc1.tfc
[0010.67] DevDlc: Caching file: PersistentCookerShaderData/..\..\OLGame\CookedPCConsoleDLC\PersistentCookerShaderData.bin
[0010.67] DevDlc: Caching file: PluginInfo/..\..\OLGame\CookedPCConsoleDLC\PluginInfo.xml
[0010.67] DevDlc: Caching file: SB_DLC_MU_AdminRev/..\..\OLGame\CookedPCConsoleDLC\SB_DLC_MU_AdminRev.bnk
[0010.67] DevDlc: Caching file: SB_DLC_MU_AdminRev/..\..\OLGame\CookedPCConsoleDLC\SB_DLC_MU_AdminRev.txt
[0010.67] DevDlc: Caching file: SB_DLC_MU_build1/..\..\OLGame\CookedPCConsoleDLC\SB_DLC_MU_build1.bnk
[0010.67] DevDlc: Caching file: SB_DLC_MU_build1/..\..\OLGame\CookedPCConsoleDLC\SB_DLC_MU_build1.txt
[0010.67] DevDlc: Caching file: SB_DLC_MU_Build2/..\..\OLGame\CookedPCConsoleDLC\SB_DLC_MU_Build2.bnk
[0010.67] DevDlc: Caching file: SB_DLC_MU_Build2/..\..\OLGame\CookedPCConsoleDLC\SB_DLC_MU_Build2.txt
[0010.67] DevDlc: Caching file: SB_DLC_MU_Denis/..\..\OLGame\CookedPCConsoleDLC\SB_DLC_MU_Denis.bnk
[0010.67] DevDlc: Caching file: SB_DLC_MU_Denis/..\..\OLGame\CookedPCConsoleDLC\SB_DLC_MU_Denis.txt
[0010.67] DevDlc: Caching file: SB_DLC_MU_Groom/..\..\OLGame\CookedPCConsoleDLC\SB_DLC_MU_Groom.bnk
[0010.67] DevDlc: Caching file: SB_DLC_MU_Groom/..\..\OLGame\CookedPCConsoleDLC\SB_DLC_MU_Groom.txt
[0010.67] DevDlc: Caching file: SB_DLC_MU_Maleward/..\..\OLGame\CookedPCConsoleDLC\SB_DLC_MU_Maleward.bnk
[0010.67] DevDlc: Caching file: SB_DLC_MU_Maleward/..\..\OLGame\CookedPCConsoleDLC\SB_DLC_MU_Maleward.txt
[0010.67] DevDlc: Caching file: SB_DLC_MU_Prison/..\..\OLGame\CookedPCConsoleDLC\SB_DLC_MU_Prison.bnk
[0010.67] DevDlc: Caching file: SB_DLC_MU_Prison/..\..\OLGame\CookedPCConsoleDLC\SB_DLC_MU_Prison.txt
[0010.67] DevDlc: Caching file: SB_DLC_MU_Stingers/..\..\OLGame\CookedPCConsoleDLC\SB_DLC_MU_Stingers.bnk
[0010.67] DevDlc: Caching file: SB_DLC_MU_Stingers/..\..\OLGame\CookedPCConsoleDLC\SB_DLC_MU_Stingers.txt
[0010.67] DevDlc: Caching file: SB_DLC_States/..\..\OLGame\CookedPCConsoleDLC\SB_DLC_States.bnk
[0010.67] DevDlc: Caching file: SB_DLC_States/..\..\OLGame\CookedPCConsoleDLC\SB_DLC_States.txt
[0010.67] DevDlc: Caching file: SoundbanksInfo/..\..\OLGame\CookedPCConsoleDLC\SoundbanksInfo.xml
[0010.67] DevDlc: Caching file: Textures_dlc1/..\..\OLGame\CookedPCConsoleDLC\Textures_dlc1.tfc
[0010.67] DevDlc: Caching file: WwiseDefaultBank_Amb_Basement/..\..\OLGame\CookedPCConsoleDLC\WwiseDefaultBank_Amb_Basement.bnk
[0010.67] DevDlc: Caching file: WwiseDefaultBank_Amb_Basement/..\..\OLGame\CookedPCConsoleDLC\WwiseDefaultBank_Amb_Basement.txt
[0010.67] DevDlc: Caching file: WwiseDefaultBank_Amb_Courtyard/..\..\OLGame\CookedPCConsoleDLC\WwiseDefaultBank_Amb_Courtyard.bnk
[0010.67] DevDlc: Caching file: WwiseDefaultBank_Amb_Courtyard/..\..\OLGame\CookedPCConsoleDLC\WwiseDefaultBank_Amb_Courtyard.txt
[0010.67] DevDlc: Caching file: WwiseDefaultBank_Amb_Exterior/..\..\OLGame\CookedPCConsoleDLC\WwiseDefaultBank_Amb_Exterior.bnk
[0010.67] DevDlc: Caching file: WwiseDefaultBank_Amb_Exterior/..\..\OLGame\CookedPCConsoleDLC\WwiseDefaultBank_Amb_Exterior.txt
[0010.67] DevDlc: Caching file: WwiseDefaultBank_Amb_FemaleWard/..\..\OLGame\CookedPCConsoleDLC\WwiseDefaultBank_Amb_FemaleWard.bnk
[0010.67] DevDlc: Caching file: WwiseDefaultBank_Amb_FemaleWard/..\..\OLGame\CookedPCConsoleDLC\WwiseDefaultBank_Amb_FemaleWard.txt
[0010.67] DevDlc: Caching file: WwiseDefaultBank_Amb_Generic/..\..\OLGame\CookedPCConsoleDLC\WwiseDefaultBank_Amb_Generic.bnk
[0010.67] DevDlc: Caching file: WwiseDefaultBank_Amb_Generic/..\..\OLGame\CookedPCConsoleDLC\WwiseDefaultBank_Amb_Generic.txt
[0010.67] DevDlc: Caching file: WwiseDefaultBank_Amb_Interior_01/..\..\OLGame\CookedPCConsoleDLC\WwiseDefaultBank_Amb_Interior_01.bnk
[0010.67] DevDlc: Caching file: WwiseDefaultBank_Amb_Interior_01/..\..\OLGame\CookedPCConsoleDLC\WwiseDefaultBank_Amb_Interior_01.txt
[0010.67] DevDlc: Caching file: WwiseDefaultBank_Amb_Labo/..\..\OLGame\CookedPCConsoleDLC\WwiseDefaultBank_Amb_Labo.bnk
[0010.67] DevDlc: Caching file: WwiseDefaultBank_Amb_Labo/..\..\OLGame\CookedPCConsoleDLC\WwiseDefaultBank_Amb_Labo.txt
[0010.67] DevDlc: Caching file: WwiseDefaultBank_Amb_Male_Ward/..\..\OLGame\CookedPCConsoleDLC\WwiseDefaultBank_Amb_Male_Ward.bnk
[0010.67] DevDlc: Caching file: WwiseDefaultBank_Amb_Male_Ward/..\..\OLGame\CookedPCConsoleDLC\WwiseDefaultBank_Amb_Male_Ward.txt
[0010.67] DevDlc: Caching file: WwiseDefaultBank_Amb_Prison_01/..\..\OLGame\CookedPCConsoleDLC\WwiseDefaultBank_Amb_Prison_01.bnk
[0010.67] DevDlc: Caching file: WwiseDefaultBank_Amb_Prison_01/..\..\OLGame\CookedPCConsoleDLC\WwiseDefaultBank_Amb_Prison_01.txt
[0010.67] DevDlc: Caching file: WwiseDefaultBank_Amb_Sewer/..\..\OLGame\CookedPCConsoleDLC\WwiseDefaultBank_Amb_Sewer.bnk
[0010.67] DevDlc: Caching file: WwiseDefaultBank_Amb_Sewer/..\..\OLGame\CookedPCConsoleDLC\WwiseDefaultBank_Amb_Sewer.txt
[0010.67] DevDlc: Caching file: WwiseDefaultBank_DLC_AMB_Attic/..\..\OLGame\CookedPCConsoleDLC\WwiseDefaultBank_DLC_AMB_Attic.bnk
[0010.67] DevDlc: Caching file: WwiseDefaultBank_DLC_AMB_Attic/..\..\OLGame\CookedPCConsoleDLC\WwiseDefaultBank_DLC_AMB_Attic.txt
[0010.67] DevDlc: Caching file: WwiseDefaultBank_DLC_AMB_Build1/..\..\OLGame\CookedPCConsoleDLC\WwiseDefaultBank_DLC_AMB_Build1.bnk
[0010.67] DevDlc: Caching file: WwiseDefaultBank_DLC_AMB_Build1/..\..\OLGame\CookedPCConsoleDLC\WwiseDefaultBank_DLC_AMB_Build1.txt
[0010.67] DevDlc: Caching file: WwiseDefaultBank_DLC_AMB_Build2/..\..\OLGame\CookedPCConsoleDLC\WwiseDefaultBank_DLC_AMB_Build2.bnk
[0010.67] DevDlc: Caching file: WwiseDefaultBank_DLC_AMB_Build2/..\..\OLGame\CookedPCConsoleDLC\WwiseDefaultBank_DLC_AMB_Build2.txt
[0010.67] DevDlc: Caching file: WwiseDefaultBank_DLC_AMB_Ext/..\..\OLGame\CookedPCConsoleDLC\WwiseDefaultBank_DLC_AMB_Ext.bnk
[0010.67] DevDlc: Caching file: WwiseDefaultBank_DLC_AMB_Ext/..\..\OLGame\CookedPCConsoleDLC\WwiseDefaultBank_DLC_AMB_Ext.txt
[0010.67] DevDlc: Caching file: WwiseDefaultBank_DLC_AMB_Lab/..\..\OLGame\CookedPCConsoleDLC\WwiseDefaultBank_DLC_AMB_Lab.bnk
[0010.67] DevDlc: Caching file: WwiseDefaultBank_DLC_AMB_Lab/..\..\OLGame\CookedPCConsoleDLC\WwiseDefaultBank_DLC_AMB_Lab.txt
[0010.67] DevDlc: Caching file: WwiseDefaultBank_DLC_CIN_AdminRev/..\..\OLGame\CookedPCConsoleDLC\WwiseDefaultBank_DLC_CIN_AdminRev.bnk
[0010.67] DevDlc: Caching file: WwiseDefaultBank_DLC_CIN_AdminRev/..\..\OLGame\CookedPCConsoleDLC\WwiseDefaultBank_DLC_CIN_AdminRev.txt
[0010.67] DevDlc: Caching file: WwiseDefaultBank_DLC_CIN_Build1/..\..\OLGame\CookedPCConsoleDLC\WwiseDefaultBank_DLC_CIN_Build1.bnk
[0010.67] DevDlc: Caching file: WwiseDefaultBank_DLC_CIN_Build1/..\..\OLGame\CookedPCConsoleDLC\WwiseDefaultBank_DLC_CIN_Build1.txt
[0010.67] DevDlc: Caching file: WwiseDefaultBank_DLC_CIN_Build2/..\..\OLGame\CookedPCConsoleDLC\WwiseDefaultBank_DLC_CIN_Build2.bnk
[0010.67] DevDlc: Caching file: WwiseDefaultBank_DLC_CIN_Build2/..\..\OLGame\CookedPCConsoleDLC\WwiseDefaultBank_DLC_CIN_Build2.txt
[0010.67] DevDlc: Caching file: WwiseDefaultBank_DLC_CIN_Lab/..\..\OLGame\CookedPCConsoleDLC\WwiseDefaultBank_DLC_CIN_Lab.bnk
[0010.67] DevDlc: Caching file: WwiseDefaultBank_DLC_CIN_Lab/..\..\OLGame\CookedPCConsoleDLC\WwiseDefaultBank_DLC_CIN_Lab.txt
[0010.67] DevDlc: Caching file: WwiseDefaultBank_DLC_CIN_Prison/..\..\OLGame\CookedPCConsoleDLC\WwiseDefaultBank_DLC_CIN_Prison.bnk
[0010.67] DevDlc: Caching file: WwiseDefaultBank_DLC_CIN_Prison/..\..\OLGame\CookedPCConsoleDLC\WwiseDefaultBank_DLC_CIN_Prison.txt
[0010.67] DevDlc: Caching file: WwiseDefaultBank_DLC_SFX_build1/..\..\OLGame\CookedPCConsoleDLC\WwiseDefaultBank_DLC_SFX_build1.bnk
[0010.67] DevDlc: Caching file: WwiseDefaultBank_DLC_SFX_build1/..\..\OLGame\CookedPCConsoleDLC\WwiseDefaultBank_DLC_SFX_build1.txt
[0010.67] DevDlc: Caching file: WwiseDefaultBank_DLC_SFX_Can/..\..\OLGame\CookedPCConsoleDLC\WwiseDefaultBank_DLC_SFX_Can.bnk
[0010.67] DevDlc: Caching file: WwiseDefaultBank_DLC_SFX_Can/..\..\OLGame\CookedPCConsoleDLC\WwiseDefaultBank_DLC_SFX_Can.txt
[0010.67] DevDlc: Caching file: WwiseDefaultBank_DLC_SFX_generic/..\..\OLGame\CookedPCConsoleDLC\WwiseDefaultBank_DLC_SFX_generic.bnk
[0010.67] DevDlc: Caching file: WwiseDefaultBank_DLC_SFX_generic/..\..\OLGame\CookedPCConsoleDLC\WwiseDefaultBank_DLC_SFX_generic.txt
[0010.67] DevDlc: Caching file: WwiseDefaultBank_DLC_SFX_Impacts/..\..\OLGame\CookedPCConsoleDLC\WwiseDefaultBank_DLC_SFX_Impacts.bnk
[0010.67] DevDlc: Caching file: WwiseDefaultBank_DLC_SFX_Impacts/..\..\OLGame\CookedPCConsoleDLC\WwiseDefaultBank_DLC_SFX_Impacts.txt
[0010.67] DevDlc: Caching file: WwiseDefaultBank_DLC_VO_AI_Cannibal_Build1/..\..\OLGame\CookedPCConsoleDLC\WwiseDefaultBank_DLC_VO_AI_Cannibal_Build1.bnk
[0010.67] DevDlc: Caching file: WwiseDefaultBank_DLC_VO_AI_Cannibal_Build1/..\..\OLGame\CookedPCConsoleDLC\WwiseDefaultBank_DLC_VO_AI_Cannibal_Build1.txt
[0010.67] DevDlc: Caching file: WwiseDefaultBank_General_Sound/..\..\OLGame\CookedPCConsoleDLC\WwiseDefaultBank_General_Sound.bnk
[0010.67] DevDlc: Caching file: WwiseDefaultBank_General_Sound/..\..\OLGame\CookedPCConsoleDLC\WwiseDefaultBank_General_Sound.txt
[0010.67] DevDlc: Caching file: WwiseDefaultBank_Intro_Logo/..\..\OLGame\CookedPCConsoleDLC\WwiseDefaultBank_Intro_Logo.bnk
[0010.67] DevDlc: Caching file: WwiseDefaultBank_Intro_Logo/..\..\OLGame\CookedPCConsoleDLC\WwiseDefaultBank_Intro_Logo.txt
[0010.67] DevDlc: Caching file: WwiseDefaultBank_Menu/..\..\OLGame\CookedPCConsoleDLC\WwiseDefaultBank_Menu.bnk
[0010.67] DevDlc: Caching file: WwiseDefaultBank_Menu/..\..\OLGame\CookedPCConsoleDLC\WwiseDefaultBank_Menu.txt
[0010.67] DevDlc: Caching file: WwiseDefaultBank_Music_Admin_Revisit/..\..\OLGame\CookedPCConsoleDLC\WwiseDefaultBank_Music_Admin_Revisit.bnk
[0010.67] DevDlc: Caching file: WwiseDefaultBank_Music_Admin_Revisit/..\..\OLGame\CookedPCConsoleDLC\WwiseDefaultBank_Music_Admin_Revisit.txt
[0010.67] DevDlc: Caching file: WwiseDefaultBank_Music_Courtyard/..\..\OLGame\CookedPCConsoleDLC\WwiseDefaultBank_Music_Courtyard.bnk
[0010.67] DevDlc: Caching file: WwiseDefaultBank_Music_Courtyard/..\..\OLGame\CookedPCConsoleDLC\WwiseDefaultBank_Music_Courtyard.txt
[0010.67] DevDlc: Caching file: WwiseDefaultBank_Music_Exterior/..\..\OLGame\CookedPCConsoleDLC\WwiseDefaultBank_Music_Exterior.bnk
[0010.67] DevDlc: Caching file: WwiseDefaultBank_Music_Exterior/..\..\OLGame\CookedPCConsoleDLC\WwiseDefaultBank_Music_Exterior.txt
[0010.67] DevDlc: Caching file: WwiseDefaultBank_Music_FemaleWard/..\..\OLGame\CookedPCConsoleDLC\WwiseDefaultBank_Music_FemaleWard.bnk
[0010.67] DevDlc: Caching file: WwiseDefaultBank_Music_FemaleWard/..\..\OLGame\CookedPCConsoleDLC\WwiseDefaultBank_Music_FemaleWard.txt
[0010.67] DevDlc: Caching file: WwiseDefaultBank_Music_Interior/..\..\OLGame\CookedPCConsoleDLC\WwiseDefaultBank_Music_Interior.bnk
[0010.67] DevDlc: Caching file: WwiseDefaultBank_Music_Interior/..\..\OLGame\CookedPCConsoleDLC\WwiseDefaultBank_Music_Interior.txt
[0010.67] DevDlc: Caching file: WwiseDefaultBank_Music_Labo/..\..\OLGame\CookedPCConsoleDLC\WwiseDefaultBank_Music_Labo.bnk
[0010.67] DevDlc: Caching file: WwiseDefaultBank_Music_Labo/..\..\OLGame\CookedPCConsoleDLC\WwiseDefaultBank_Music_Labo.txt
[0010.67] DevDlc: Caching file: WwiseDefaultBank_Music_MaleWard/..\..\OLGame\CookedPCConsoleDLC\WwiseDefaultBank_Music_MaleWard.bnk
[0010.67] DevDlc: Caching file: WwiseDefaultBank_Music_MaleWard/..\..\OLGame\CookedPCConsoleDLC\WwiseDefaultBank_Music_MaleWard.txt
[0010.67] DevDlc: Caching file: WwiseDefaultBank_Music_Prison/..\..\OLGame\CookedPCConsoleDLC\WwiseDefaultBank_Music_Prison.bnk
[0010.67] DevDlc: Caching file: WwiseDefaultBank_Music_Prison/..\..\OLGame\CookedPCConsoleDLC\WwiseDefaultBank_Music_Prison.txt
[0010.67] DevDlc: Caching file: WwiseDefaultBank_Music_Sewer/..\..\OLGame\CookedPCConsoleDLC\WwiseDefaultBank_Music_Sewer.bnk
[0010.67] DevDlc: Caching file: WwiseDefaultBank_Music_Sewer/..\..\OLGame\CookedPCConsoleDLC\WwiseDefaultBank_Music_Sewer.txt
[0010.67] DevDlc: Caching file: WwiseDefaultBank_NPCs_Sounds/..\..\OLGame\CookedPCConsoleDLC\WwiseDefaultBank_NPCs_Sounds.bnk
[0010.67] DevDlc: Caching file: WwiseDefaultBank_NPCs_Sounds/..\..\OLGame\CookedPCConsoleDLC\WwiseDefaultBank_NPCs_Sounds.txt
[0010.67] DevDlc: Caching file: WwiseDefaultBank_Player_Sound/..\..\OLGame\CookedPCConsoleDLC\WwiseDefaultBank_Player_Sound.bnk
[0010.67] DevDlc: Caching file: WwiseDefaultBank_Player_Sound/..\..\OLGame\CookedPCConsoleDLC\WwiseDefaultBank_Player_Sound.txt
[0010.67] DevDlc: Caching file: WwiseDefaultBank_Reverb/..\..\OLGame\CookedPCConsoleDLC\WwiseDefaultBank_Reverb.bnk
[0010.67] DevDlc: Caching file: WwiseDefaultBank_Reverb/..\..\OLGame\CookedPCConsoleDLC\WwiseDefaultBank_Reverb.txt
[0010.67] DevDlc: Caching file: WwiseDefaultBank_SFX/..\..\OLGame\CookedPCConsoleDLC\WwiseDefaultBank_SFX.bnk
[0010.67] DevDlc: Caching file: WwiseDefaultBank_SFX/..\..\OLGame\CookedPCConsoleDLC\WwiseDefaultBank_SFX.txt
[0010.67] DevDlc: Caching file: WwiseDefaultBank_Soldier_Snd/..\..\OLGame\CookedPCConsoleDLC\WwiseDefaultBank_Soldier_Snd.bnk
[0010.67] DevDlc: Caching file: WwiseDefaultBank_Soldier_Snd/..\..\OLGame\CookedPCConsoleDLC\WwiseDefaultBank_Soldier_Snd.txt
[0010.67] DevDlc: Caching file: WwiseDefaultBank_Swarm_Sound/..\..\OLGame\CookedPCConsoleDLC\WwiseDefaultBank_Swarm_Sound.bnk
[0010.67] DevDlc: Caching file: WwiseDefaultBank_Swarm_Sound/..\..\OLGame\CookedPCConsoleDLC\WwiseDefaultBank_Swarm_Sound.txt
[0010.67] DevDlc: Caching file: WwiseDefaultBank_VO_Miles/..\..\OLGame\CookedPCConsoleDLC\WwiseDefaultBank_VO_Miles.bnk
[0010.67] DevDlc: Caching file: WwiseDefaultBank_VO_Miles/..\..\OLGame\CookedPCConsoleDLC\WwiseDefaultBank_VO_Miles.txt
[0010.67] Log: DLC installed successfully
[0010.67] Log: LoadMap: DLC_Intro_Persistent?Name=Player?Team=255
[0010.72] Log: Game class is 'OLGame'
[0010.73] Log: Primary PhysX scene will be in software.
[0010.73] Log: Creating Primary PhysX Scene.
[0010.81] Log: *** WARNING - PATHS MAY NOT BE VALID ***
[0010.81] Log: Bringing World DLC_Intro_Persistent.TheWorld up for play (0) at 2019.12.11-15.15.55
[0010.81] Log: Bringing up level for play took: 0.087598
[0010.82] Log: Playing DLC - invalid checkpoint but DLC persistent
[0010.84] Error: Can't start an online game that hasn't been created
[0011.13] Error: StartLocalVoiceProcessing(): Device is currently owned by another user
[0011.13] Log: ########### Finished loading level: 0.453955 seconds
[0011.13] Log: Flushing async loaders.
[0011.17] Log: Flushed async loaders.
[0011.17] Log: Initializing Engine Completed
[0011.69] Log: >>>>>>>>>>>>>> Initial startup: 11.69s <<<<<<<<<<<<<<<
[0011.71] Log: ActivateLevel dlc_mainmenugame 1 1 1
[0011.71] Log: ### Applying resolution 1280 x 720 (Fullscreen: yes)
[0011.75] Log: Don't use 'IsSteamSocketsServer' on non-listen-server clients; crashing
[0011.75] Log: Don't use 'IsSteamSocketsServer' on non-listen-server clients; crashing
[0011.75] Log: Steam game server UID: 85568397216006720
[0012.58] Log: Flushing async loaders.
[0012.68] Log: Flushed async loaders.
[0012.70] Log:  ### --- Resetting level dlc_checkpoints
[0012.70] Log:  ### --- Resetting level x_checkpoints
[0012.71] Log: No Cached BSP Physics Data Found Or Out Of Date - Cooking Now.
[0012.71] Log: COOKEDPHYSICS: BSP 0.00 KB
[0012.71] Log:  ### --- Resetting level dlc_mainmenugame
[0013.80] Log: Resizing to 1280x720 (fullscreen)
[0015.55] Log: ### UpdateProfileFromSystemSettings - Current resolution is SR_1280x720 (1280 x 720, fullscreen: yes)
[0015.78] Warning: Warning, Failed to load 'Font None.Times New Roman': Failed to find object 'Font None.Times New Roman'
[0015.79] Warning: Warning, Failed to load 'Font None.Times New Roman': Failed to find object 'Font None.Times New Roman'
[0020.37] Log: --- LOADING CHECKPOINT "Admin_Explosion" ---
[0020.37] DevGameState: Resetting GameState
[0020.37] Log: Starting at checkpoint "Admin_Explosion" - DLC: no
[0020.39] Log: --- LOADING MOVIE START ---
[0020.43] Log: Starting at checkpoint "Admin_Explosion" - DLC: no
[0020.44] Log: Flushing async loaders.
[0020.49] Warning: Warning, Failed to compile Material Instance Asylum_post_process.PostUber.PostUberNoise with Base DefaultMaterial for platform PC-D3D-SM3, Default Material will be used in game.
[0020.49] Log: Flushed async loaders.
[0020.51] Log:  ### --- Resetting level adminblock_persistent
[0020.54] Log: Committed map change via OLEngine Transient.OLEngine_0
[0020.69] Log: Flushing async loaders.
[0026.66] Log: Flushed async loaders.
[0026.67] Log:  ### --- Resetting level skydome_dawn
[0026.71] Log:  ### --- Resetting level asylum_exterior-art
[0026.72] Log:  ### --- Resetting level asylum_exterior-01b
[0026.72] Log:  ### --- Resetting level center_block_explosionroom-art
[0026.76] Log:  ### --- Resetting level center_block_02
[0026.77] Log:  ### --- Resetting level center_block_02_chunka
[0026.77] Log:  ### --- Resetting level center_block_02_chunkc
[0026.84] Log:  ### --- Resetting level center_block_sript
[0026.85] Log:  ### --- Resetting level asylum_exterior_snd
[0026.86] Log:  ### --- Resetting level center_block_floors_snd
[0027.88] DevGameState: GS - Applying checkpoint Admin_Explosion
[0027.88] Log: New master gamestate list found.
[0027.88] Log: New master checkpoint list found.
[0029.92] Log: KISMET: Remote event WheelchairReady activated for 1 recipients
[0032.32] Log: --- LOADING MOVIE TIME: 11.9 sec ---
[0067.56] Log: [OLHero_1] Special move started: SMT_OpenDoorPartial
[0067.56] Log: [OLHero_1] Activating adjustment of [X=55.564 Y=-81.868 Z=0.000] with heading error 25.35 degs in 0.49 seconds
[0068.73] Log: [OLHero_1] Special move completed: SMT_OpenDoorPartial
[0071.77] Log:  ### --- Resetting level adminblock_fake_outside_01-art
[0092.91] Log: KISMET: Remote event TvTurningOn activated for 3 recipients
[0104.01] Log: [OLHero_1] Special move started: SMT_OpenDoorPartial
[0104.01] Log: [OLHero_1] Activating adjustment of [X=-84.265 Y=114.496 Z=0.000] with heading error 37.55 degs in 0.71 seconds
[0105.67] Log: [OLHero_1] Special move completed: SMT_OpenDoorPartial
[0107.37] Log:  ### --- Resetting level center_block_02c
[0114.86] Log: [OLHero_1] Special move started: SMT_EnterSqueeze
[0114.86] Log: [OLHero_1] Activating adjustment of [X=9.431 Y=38.756 Z=0.000] with heading error -0.98 degs in 0.20 seconds
[0115.86] Log:  ### --- Resetting level center_block_02_chunkb
[0115.97] Log: [OLHero_1] Special move completed: SMT_EnterSqueeze
[0116.83] Log:  ### --- Resetting level center_block_elevator
[0116.83] DevGameState: GS - Triggering ApplyGameState for BasementOpen with OFF
[0116.83] DevGameState: GS - Triggering ApplyGameState for BasementDoor_Bashed_Persist with OFF
[0117.11] Log: [OLHero_1] Special move started: SMT_ExitSqueeze
[0117.11] Log: [OLHero_1] Activating adjustment of [X=0.000 Y=0.272 Z=0.000] with heading error 0.00 degs in 0.00 seconds
[0118.23] Log: [OLHero_1] Special move completed: SMT_ExitSqueeze
[0128.93] Log: [OLHero_1] Special move started: SMT_EnterDoorInteraction
[0128.93] Log: [OLHero_1] Activating adjustment of [X=25.439 Y=47.568 Z=0.000] with heading error -21.32 degs in 0.27 seconds
[0129.61] Log: [OLHero_1] Special move completed: SMT_EnterDoorInteraction
[0130.99] Log: TryAdjustCollisionSizeForLocomotionMode failed for mode LM_Walk
[0141.86] Log: [OLHero_1] Special move started: SMT_PickupObject
[0141.86] Log: [OLHero_1] Activating adjustment of [X=0.000 Y=0.000 Z=0.000] with heading error 2.37 degs in 0.04 seconds
[0142.89] Log: [OLHero_1] Special move completed: SMT_PickupObject
[0144.94] Log: ### UpdateProfileFromSystemSettings - Current resolution is SR_1280x720 (1280 x 720, fullscreen: yes)
[0145.06] Warning: Warning, Failed to load 'Font None.Times New Roman': Failed to find object 'Font None.Times New Roman'
[0145.06] Warning: Warning, Failed to load 'Font None.Times New Roman': Failed to find object 'Font None.Times New Roman'
[0145.07] ScriptWarning: Accessed array 'OLUIFrontEnd_Credits_1.ViewStack' out of bounds (-1/0)
	OLUIFrontEnd_Credits DLC_Intro_Persistent.TheWorld:PersistentLevel.OLHUD_0.OLUIFrontEnd_1.OLUIFrontEnd_Credits_1
	Function OLGame.OLUIFrontEnd_Credits:WidgetInitialized:015E
[0145.14] ScriptWarning: Accessed None 'ItemList'
	OLUIFrontEnd_EvidenceList DLC_Intro_Persistent.TheWorld:PersistentLevel.OLHUD_0.OLUIFrontEnd_1.OLUIFrontEnd_EvidenceList_1
	Function OLGame.OLUIFrontEnd_EvidenceList:PopulateItemList:0217
[0145.14] ScriptWarning: Accessed None 'ItemList'
	OLUIFrontEnd_EvidenceList DLC_Intro_Persistent.TheWorld:PersistentLevel.OLHUD_0.OLUIFrontEnd_1.OLUIFrontEnd_EvidenceList_1
	Function OLGame.OLUIFrontEnd_EvidenceList:PopulateItemList:0293
[0145.17] ScriptWarning: Accessed None 'ContentsLabel'
	OLUIFrontEnd_EvidenceView DLC_Intro_Persistent.TheWorld:PersistentLevel.OLHUD_0.OLUIFrontEnd_1.OLUIFrontEnd_EvidenceView_1
	Function OLGame.OLUIFrontEnd_EvidenceView:OnViewActivated:000A
[0162.97] DevGameState: GS - Triggering ApplyGameState for BasementOpen with OFF
[0162.97] DevGameState: GS - Triggering ApplyGameState for BasementDoor_Bashed_Persist with OFF
[0166.70] Log: KISMET: Remote event Door_Bathroom activated for 1 recipients
[0175.25] Log: [OLHero_1] Special move started: SMT_TryOpenLockedDoor
[0175.25] Log: [OLHero_1] Activating adjustment of [X=10.607 Y=54.735 Z=0.000] with heading error -47.08 degs in 0.31 seconds
[0177.44] Log: [OLHero_1] Special move completed: SMT_TryOpenLockedDoor
[0195.94] Log: [OLHero_1] Special move started: SMT_TryOpenLockedDoor
[0195.94] Log: [OLHero_1] Activating adjustment of [X=-29.940 Y=-19.130 Z=0.000] with heading error 1.04 degs in 0.18 seconds
[0198.10] Log: [OLHero_1] Special move completed: SMT_TryOpenLockedDoor
[0200.67] Log: ### UpdateProfileFromSystemSettings - Current resolution is SR_1280x720 (1280 x 720, fullscreen: yes)
[0200.72] ScriptWarning: Accessed None 'ButtonBar'
	OLUIFrontEnd_PauseMenu DLC_Intro_Persistent.TheWorld:PersistentLevel.OLHUD_0.OLUIFrontEnd_2.OLUIFrontEnd_PauseMenu_2
	Function OLGame.OLUIFrontEnd_PauseMenu:PopulateButtons:0400
[0200.72] ScriptWarning: Accessed None 'ButtonBar'
	OLUIFrontEnd_PauseMenu DLC_Intro_Persistent.TheWorld:PersistentLevel.OLHUD_0.OLUIFrontEnd_2.OLUIFrontEnd_PauseMenu_2
	Function OLGame.OLUIFrontEnd_PauseMenu:PopulateButtons:0436
[0200.74] Warning: Warning, Failed to load 'Font None.Times New Roman': Failed to find object 'Font None.Times New Roman'
[0200.74] Warning: Warning, Failed to load 'Font None.Times New Roman': Failed to find object 'Font None.Times New Roman'
[0221.71] Log: [OLHero_1] Special move started: SMT_JumpOnSpot
[0222.71] Log: [OLHero_1] Special move completed: SMT_JumpOnSpot
[0224.62] Log: [OLHero_1] Special move started: SMT_GrabLedgeFromGround
[0224.62] Log: [OLHero_1] Activating adjustment of [X=-29.998 Y=-0.978 Z=0.000] with heading error 1.60 degs in 0.15 seconds
[0225.70] Log: [OLHero_1] Special move completed: SMT_GrabLedgeFromGround
[0227.60] Log: [OLHero_1] Special move started: SMT_ClimbUpLedge
[0227.60] Log: [OLHero_1] Activating adjustment of [X=0.000 Y=0.000 Z=-0.023] with heading error 0.01 degs in 0.00 seconds
[0227.91] Log:  ### --- Resetting level center_block_01c
[0228.08] Log:  ### --- Resetting level center_block_02c_chunka
[0228.47] Log: [OLHero_1] Special move completed: SMT_ClimbUpLedge
[0228.47] Log: TryAdjustCollisionSizeForLocomotionMode failed for mode LM_Walk
[0236.24] Log: ### UpdateProfileFromSystemSettings - Current resolution is SR_1280x720 (1280 x 720, fullscreen: yes)
[0236.30] ScriptWarning: Accessed None 'ButtonBar'
	OLUIFrontEnd_PauseMenu DLC_Intro_Persistent.TheWorld:PersistentLevel.OLHUD_0.OLUIFrontEnd_3.OLUIFrontEnd_PauseMenu_3
	Function OLGame.OLUIFrontEnd_PauseMenu:PopulateButtons:0400
[0236.30] ScriptWarning: Accessed None 'ButtonBar'
	OLUIFrontEnd_PauseMenu DLC_Intro_Persistent.TheWorld:PersistentLevel.OLHUD_0.OLUIFrontEnd_3.OLUIFrontEnd_PauseMenu_3
	Function OLGame.OLUIFrontEnd_PauseMenu:PopulateButtons:0436
[0236.32] Warning: Warning, Failed to load 'Font None.Times New Roman': Failed to find object 'Font None.Times New Roman'
[0236.32] Warning: Warning, Failed to load 'Font None.Times New Roman': Failed to find object 'Font None.Times New Roman'
[0239.18] Log:  ### --- Resetting level center_block_01c_chunkb
[0260.95] Log: KISMET: Remote event Patient_Running_After_AirVent activated for 1 recipients
[0263.96] Log: [OLHero_1] Special move started: SMT_PushFromLedgeAnimated
[0263.96] Log: [OLHero_1] Activating adjustment of [X=-1.114 Y=-1.517 Z=0.000] with heading error -3.46 degs in 0.02 seconds
[0264.01] Log: Physics mode for (SkeletalMeshActor_6) is not compatible with TickGroup(0) adjusting
[0264.01] Log: Physics mode for (SkeletalMeshActor_7) is not compatible with TickGroup(0) adjusting
[0264.19] Log:  ### --- Resetting level center_block_02c_chunkb
[0264.43] DevGameState: GS - Triggering ApplyGameState for BasementOpen with OFF
[0264.43] DevGameState: GS - Triggering ApplyGameState for BasementDoor_Bashed_Persist with OFF
[0264.59] Log:  ### --- Resetting level adminblock_fake_outside_02-art
[0264.61] Log: [OLHero_1] Special move completed: SMT_PushFromLedgeAnimated
[0264.61] Log: TryAdjustCollisionSizeForLocomotionMode failed for mode LM_Fall
[0264.90] Log: --- SAVING CHECKPOINT "Admin_Mezzanine" ---
[0265.08] Log: [OLHero_1] Special move started: SMT_Uncrouch
[0266.08] Log: [OLHero_1] Special move completed: SMT_Uncrouch
[0268.10] Log:  ### --- Resetting level center_block_01
[0268.24] Log:  ### --- Resetting level center_block_01b
[0268.49] Log:  ### --- Resetting level center_block_01c_chunka
[0273.65] Log: [OLHero_1] Special move started: SMT_EnterDoorInteraction
[0273.65] Log: [OLHero_1] Activating adjustment of [X=32.956 Y=-69.502 Z=0.000] with heading error -8.21 degs in 0.38 seconds
[0274.32] Log: [OLHero_1] Special move completed: SMT_EnterDoorInteraction
[0274.34] Log: TryAdjustCollisionSizeForLocomotionMode failed for mode LM_Walk
[0274.55] Log: KISMET: Remote event DoorLair activated for 5 recipients
[0285.79] Log: [OLHero_1] Special move started: SMT_CloseDoor
[0285.79] Log: [OLHero_1] Activating adjustment of [X=-2.806 Y=-40.582 Z=0.000] with heading error -23.15 degs in 0.20 seconds
[0287.46] Log: [OLHero_1] Special move completed: SMT_CloseDoor
[0288.16] Log: [OLHero_1] Special move started: SMT_OpenDoorInstant
[0288.16] Log: [OLHero_1] Activating adjustment of [X=-0.976 Y=3.107 Z=0.000] with heading error 10.60 degs in 0.07 seconds
[0289.33] Log: [OLHero_1] Special move completed: SMT_OpenDoorInstant
[0332.04] Log: KISMET: Remote event STEPHENSON_WAKE-UP activated for 1 recipients
[0377.86] Log: [OLHero_1] Special move started: SMT_OpenDoorInstant
[0377.86] Log: [OLHero_1] Activating adjustment of [X=-26.324 Y=59.479 Z=0.000] with heading error -9.43 degs in 0.33 seconds
[0378.49] ScriptWarning: Accessed None 'EnemyPawn'
	OLBot DLC_Intro_Persistent.TheWorld:PersistentLevel.OLBot_0
	Function OLGame.OLBot:Idle.BeginState:0029
[0378.49] Log: KISMET: Remote event Soldierintro activated for 2 recipients
[0379.04] Log: [OLHero_1] Special move completed: SMT_OpenDoorInstant
[0390.59] Log: [OLHero_1] Special move started: SMT_Crouch
[0391.73] Log: [OLHero_1] Special move completed: SMT_Crouch
[0392.56] Log: [OLHero_1] Special move started: SMT_Uncrouch
[0393.56] Log: [OLHero_1] Special move completed: SMT_Uncrouch
[0405.37] Log: [OLHero_1] Special move started: SMT_OpenDoorInstant
[0405.37] Log: [OLHero_1] Activating adjustment of [X=4.527 Y=-11.938 Z=0.000] with heading error 13.40 degs in 0.09 seconds
[0406.55] Log: [OLHero_1] Special move completed: SMT_OpenDoorInstant
[0426.22] Log: [OLHero_1] Special move started: SMT_TryOpenLockedDoor
[0426.22] Log: [OLHero_1] Activating adjustment of [X=-22.079 Y=-11.943 Z=0.000] with heading error 8.90 degs in 0.13 seconds
[0428.40] Log: [OLHero_1] Special move completed: SMT_TryOpenLockedDoor
[0429.19] Log: [OLHero_1] Special move started: SMT_TryOpenLockedDoor
[0429.19] Log: [OLHero_1] Activating adjustment of [X=-17.962 Y=20.009 Z=0.000] with heading error 9.31 degs in 0.13 seconds
[0431.37] Log: [OLHero_1] Special move completed: SMT_TryOpenLockedDoor
[0439.47] Log: [OLHero_1] Special move started: SMT_EnterSqueeze
[0439.47] Log: [OLHero_1] Activating adjustment of [X=19.340 Y=-7.777 Z=0.000] with heading error -3.75 degs in 0.10 seconds
[0440.58] Log: [OLHero_1] Special move completed: SMT_EnterSqueeze
[0440.86] Log: TryAdjustCollisionSizeForLocomotionMode failed for mode LM_Cinematic
[0440.86] Log: KISMET: Remote event SOLDIER_MEZZANINE_GRAB activated for 1 recipients
[0444.33] Log: KISMET: Remote event SwapWindowsEntrance activated for 1 recipients
[0447.07] Log: ZELC: Component 'Rubbish.Glass.Broken_windows-03' with Owner 'No_Detailed_Info_Specified' returned normal with incorrect length (0.000000).  ChkActor: OLHero_1 (OLHero DLC_Intro_Persistent.TheWorld:PersistentLevel.OLHero_1)
[0447.83] Log: ZELC: Component 'Rubbish.Glass.Broken_windows-03' with Owner 'No_Detailed_Info_Specified' returned normal with incorrect length (0.000000).  ChkActor: OLHero_1 (OLHero DLC_Intro_Persistent.TheWorld:PersistentLevel.OLHero_1)
[0448.59] Log: ZELC: Component 'Rubbish.Glass.Broken_windows-03' with Owner 'No_Detailed_Info_Specified' returned normal with incorrect length (0.000000).  ChkActor: OLHero_1 (OLHero DLC_Intro_Persistent.TheWorld:PersistentLevel.OLHero_1)
[0449.36] Log: ZELC: Component 'Rubbish.Glass.Broken_windows-03' with Owner 'No_Detailed_Info_Specified' returned normal with incorrect length (0.000000).  ChkActor: OLHero_1 (OLHero DLC_Intro_Persistent.TheWorld:PersistentLevel.OLHero_1)
[0450.13] Log: ZELC: Component 'Rubbish.Glass.Broken_windows-03' with Owner 'No_Detailed_Info_Specified' returned normal with incorrect length (0.000000).  ChkActor: OLHero_1 (OLHero DLC_Intro_Persistent.TheWorld:PersistentLevel.OLHero_1)
[0450.88] Log: ZELC: Component 'Rubbish.Glass.Broken_windows-03' with Owner 'No_Detailed_Info_Specified' returned normal with incorrect length (0.000000).  ChkActor: OLHero_1 (OLHero DLC_Intro_Persistent.TheWorld:PersistentLevel.OLHero_1)
[0451.64] Log: ZELC: Component 'Rubbish.Glass.Broken_windows-03' with Owner 'No_Detailed_Info_Specified' returned normal with incorrect length (0.000000).  ChkActor: OLHero_1 (OLHero DLC_Intro_Persistent.TheWorld:PersistentLevel.OLHero_1)
[0452.41] Log: ZELC: Component 'Rubbish.Glass.Broken_windows-03' with Owner 'No_Detailed_Info_Specified' returned normal with incorrect length (0.000000).  ChkActor: OLHero_1 (OLHero DLC_Intro_Persistent.TheWorld:PersistentLevel.OLHero_1)
[0453.17] Log: ZELC: Component 'Rubbish.Glass.Broken_windows-03' with Owner 'No_Detailed_Info_Specified' returned normal with incorrect length (0.000000).  ChkActor: OLHero_1 (OLHero DLC_Intro_Persistent.TheWorld:PersistentLevel.OLHero_1)
[0453.93] Log: ZELC: Component 'Rubbish.Glass.Broken_windows-03' with Owner 'No_Detailed_Info_Specified' returned normal with incorrect length (0.000000).  ChkActor: OLHero_1 (OLHero DLC_Intro_Persistent.TheWorld:PersistentLevel.OLHero_1)
[0454.69] Log: ZELC: Component 'Rubbish.Glass.Broken_windows-03' with Owner 'No_Detailed_Info_Specified' returned normal with incorrect length (0.000000).  ChkActor: OLHero_1 (OLHero DLC_Intro_Persistent.TheWorld:PersistentLevel.OLHero_1)
[0460.00] Log: ZELC: Component 'Rubbish.Glass.Broken_windows-03' with Owner 'No_Detailed_Info_Specified' returned normal with incorrect length (0.000000).  ChkActor: OLHero_1 (OLHero DLC_Intro_Persistent.TheWorld:PersistentLevel.OLHero_1)
[0460.76] Log: ZELC: Component 'Rubbish.Glass.Broken_windows-03' with Owner 'No_Detailed_Info_Specified' returned normal with incorrect length (0.000000).  ChkActor: OLHero_1 (OLHero DLC_Intro_Persistent.TheWorld:PersistentLevel.OLHero_1)
[0461.53] Log: ZELC: Component 'Rubbish.Glass.Broken_windows-03' with Owner 'No_Detailed_Info_Specified' returned normal with incorrect length (0.000000).  ChkActor: OLHero_1 (OLHero DLC_Intro_Persistent.TheWorld:PersistentLevel.OLHero_1)
[0462.30] Log: ZELC: Component 'Rubbish.Glass.Broken_windows-03' with Owner 'No_Detailed_Info_Specified' returned normal with incorrect length (0.000000).  ChkActor: OLHero_1 (OLHero DLC_Intro_Persistent.TheWorld:PersistentLevel.OLHero_1)
[0463.06] Log: ZELC: Component 'Rubbish.Glass.Broken_windows-03' with Owner 'No_Detailed_Info_Specified' returned normal with incorrect length (0.000000).  ChkActor: OLHero_1 (OLHero DLC_Intro_Persistent.TheWorld:PersistentLevel.OLHero_1)
[0463.81] Log: ZELC: Component 'Rubbish.Glass.Broken_windows-03' with Owner 'No_Detailed_Info_Specified' returned normal with incorrect length (0.000000).  ChkActor: OLHero_1 (OLHero DLC_Intro_Persistent.TheWorld:PersistentLevel.OLHero_1)
[0464.57] Log: ZELC: Component 'Rubbish.Glass.Broken_windows-03' with Owner 'No_Detailed_Info_Specified' returned normal with incorrect length (0.000000).  ChkActor: OLHero_1 (OLHero DLC_Intro_Persistent.TheWorld:PersistentLevel.OLHero_1)
[0465.33] Log: ZELC: Component 'Rubbish.Glass.Broken_windows-03' with Owner 'No_Detailed_Info_Specified' returned normal with incorrect length (0.000000).  ChkActor: OLHero_1 (OLHero DLC_Intro_Persistent.TheWorld:PersistentLevel.OLHero_1)
[0466.09] Log: ZELC: Component 'Rubbish.Glass.Broken_windows-03' with Owner 'No_Detailed_Info_Specified' returned normal with incorrect length (0.000000).  ChkActor: OLHero_1 (OLHero DLC_Intro_Persistent.TheWorld:PersistentLevel.OLHero_1)
[0475.21] Log: ZELC: Component 'Rubbish.Glass.Broken_windows-03' with Owner 'No_Detailed_Info_Specified' returned normal with incorrect length (0.000000).  ChkActor: OLHero_1 (OLHero DLC_Intro_Persistent.TheWorld:PersistentLevel.OLHero_1)
[0475.96] Log: ZELC: Component 'Rubbish.Glass.Broken_windows-03' with Owner 'No_Detailed_Info_Specified' returned normal with incorrect length (0.000000).  ChkActor: OLHero_1 (OLHero DLC_Intro_Persistent.TheWorld:PersistentLevel.OLHero_1)
[0476.73] Log: ZELC: Component 'Rubbish.Glass.Broken_windows-03' with Owner 'No_Detailed_Info_Specified' returned normal with incorrect length (0.000000).  ChkActor: OLHero_1 (OLHero DLC_Intro_Persistent.TheWorld:PersistentLevel.OLHero_1)
[0477.47] Log: ZELC: Component 'Rubbish.Glass.Broken_windows-03' with Owner 'No_Detailed_Info_Specified' returned normal with incorrect length (0.000000).  ChkActor: OLHero_1 (OLHero DLC_Intro_Persistent.TheWorld:PersistentLevel.OLHero_1)
[0478.24] Log: ZELC: Component 'Rubbish.Glass.Broken_windows-03' with Owner 'No_Detailed_Info_Specified' returned normal with incorrect length (0.000000).  ChkActor: OLHero_1 (OLHero DLC_Intro_Persistent.TheWorld:PersistentLevel.OLHero_1)
[0478.99] Log: ZELC: Component 'Rubbish.Glass.Broken_windows-03' with Owner 'No_Detailed_Info_Specified' returned normal with incorrect length (0.000000).  ChkActor: OLHero_1 (OLHero DLC_Intro_Persistent.TheWorld:PersistentLevel.OLHero_1)
[0479.75] Log: ZELC: Component 'Rubbish.Glass.Broken_windows-03' with Owner 'No_Detailed_Info_Specified' returned normal with incorrect length (0.000000).  ChkActor: OLHero_1 (OLHero DLC_Intro_Persistent.TheWorld:PersistentLevel.OLHero_1)
[0480.50] Log: ZELC: Component 'Rubbish.Glass.Broken_windows-03' with Owner 'No_Detailed_Info_Specified' returned normal with incorrect length (0.000000).  ChkActor: OLHero_1 (OLHero DLC_Intro_Persistent.TheWorld:PersistentLevel.OLHero_1)
[0481.27] Log: ZELC: Component 'Rubbish.Glass.Broken_windows-03' with Owner 'No_Detailed_Info_Specified' returned normal with incorrect length (0.000000).  ChkActor: OLHero_1 (OLHero DLC_Intro_Persistent.TheWorld:PersistentLevel.OLHero_1)
[0482.03] Log: ZELC: Component 'Rubbish.Glass.Broken_windows-03' with Owner 'No_Detailed_Info_Specified' returned normal with incorrect length (0.000000).  ChkActor: OLHero_1 (OLHero DLC_Intro_Persistent.TheWorld:PersistentLevel.OLHero_1)
[0491.24] Log: KISMET: Remote event WheelchairReady activated for 1 recipients
[0491.26] Log: KISMET: Remote event PriestDone activated for 2 recipients
[0491.28] Log: --- SAVING CHECKPOINT "Admin_MainHall" ---
[0497.13] Log: ### UpdateProfileFromSystemSettings - Current resolution is SR_1280x720 (1280 x 720, fullscreen: yes)
[0497.18] ScriptWarning: Accessed None 'ButtonBar'
	OLUIFrontEnd_PauseMenu DLC_Intro_Persistent.TheWorld:PersistentLevel.OLHUD_0.OLUIFrontEnd_4.OLUIFrontEnd_PauseMenu_4
	Function OLGame.OLUIFrontEnd_PauseMenu:PopulateButtons:0400
[0497.18] ScriptWarning: Accessed None 'ButtonBar'
	OLUIFrontEnd_PauseMenu DLC_Intro_Persistent.TheWorld:PersistentLevel.OLHUD_0.OLUIFrontEnd_4.OLUIFrontEnd_PauseMenu_4
	Function OLGame.OLUIFrontEnd_PauseMenu:PopulateButtons:0436
[0497.20] Warning: Warning, Failed to load 'Font None.Times New Roman': Failed to find object 'Font None.Times New Roman'
[0497.21] Warning: Warning, Failed to load 'Font None.Times New Roman': Failed to find object 'Font None.Times New Roman'
[0500.30] Log: --- SAVING CHECKPOINT "Admin_MainHall" ---
[0500.31] DevGameState: Resetting GameState
[0500.33] Log: LoadMap: DLC_Intro_Persistent?Name=Player?Team=255
[0500.33] Log: --- LOADING MOVIE START ---
[0500.89] Log: Game class is 'OLGame'
[0501.07] Log: Primary PhysX scene will be in software.
[0501.07] Log: Creating Primary PhysX Scene.
[0501.07] Log: *** WARNING - PATHS MAY NOT BE VALID ***
[0501.07] Log: Bringing World DLC_Intro_Persistent.TheWorld up for play (0) at 2019.12.11-15.24.05
[0501.07] Log: Bringing up level for play took: 0.182404
[0501.07] Log: Playing DLC - invalid checkpoint but DLC persistent
[0503.19] Log: Reloaded all WWise Banks for DLC
[0503.20] Error: Can't start an online game that hasn't been created
[0503.24] Error: StartLocalVoiceProcessing(): Device is currently owned by another user
[0503.24] Log: ########### Finished loading level: 2.913001 seconds
[0503.24] Log: Flushing async loaders.
[0503.30] Log: Flushed async loaders.
[0503.30] Log: ActivateLevel dlc_mainmenugame 1 1 1
[0503.30] Log: ### Applying resolution 1280 x 720 (Fullscreen: yes)
[0503.35] Log: Flushing async loaders.
[0503.40] Log: Flushed async loaders.
[0503.40] Log:  ### --- Resetting level dlc_checkpoints
[0503.40] Log:  ### --- Resetting level x_checkpoints
[0503.41] Log: No Cached BSP Physics Data Found Or Out Of Date - Cooking Now.
[0503.41] Log: COOKEDPHYSICS: BSP 0.00 KB
[0503.41] Log:  ### --- Resetting level dlc_mainmenugame
[0503.61] Log: ### UpdateProfileFromSystemSettings - Current resolution is SR_1280x720 (1280 x 720, fullscreen: yes)
[0503.73] Warning: Warning, Failed to load 'Font None.Times New Roman': Failed to find object 'Font None.Times New Roman'
[0503.74] Warning: Warning, Failed to load 'Font None.Times New Roman': Failed to find object 'Font None.Times New Roman'
[0504.80] Log: --- LOADING MOVIE TIME: 4.46 sec ---
[0509.06] Log: Closing by request
[0509.06] Log: appRequestExit(0)
[0509.38] Exit: Preparing to exit.
[0509.71] Exit: Game engine shut down
[0510.35] Exit: Windows client shut down
[0510.39] Exit: XAudio2 Device shut down.
[0510.55] Exit: AK Audio shut down.
[0510.83] Exit: Object subsystem successfully closed.
[0510.86] Log: Shutting down FaceFX...
[0510.86] Log: FaceFX shutdown.
[0510.92] Exit: Exiting.
[0510.93] Log: Log file closed, 12/11/19 15:24:15
