Log: Log file open, 12/10/19 23:23:12
Init: WinSock: version 1.1 (2.2), MaxSocks=32767, MaxUdp=65467
Log:  ... running in INSTALLED mode
DevConfig: GConfig::Find has loaded file:  ..\..\Engine\Config\ConsoleVariables.ini
Init: Version: 12046
Init: Compiled (64-bit - Shipping): Apr 29 2014 14:14:59
Init: Changelist: 22533
Init: Command line: -installed -seekfreeloadingpcconsole
Init: Base directory: C:\Program Files (x86)\R.G. Mechanics\Outlast\Binaries\Win64\
Init: Executable: OLGame
[0000.18] Init: Computer: GFGDTTCE0013
[0000.18] Init: User: GauravBharti
[0000.18] Init: CPU Page size=4096, Processors=4
[0000.18] Init: High frequency timer resolution =10.000000 MHz
[0000.18] Init: Memory total: Physical=7.9GB (7GB approx) Pagefile=9.1GB Virtual=131072.0GB
[0000.18] Log: Steam Client API initialized 1
[0000.18] Log: Steam Game Server API initialized 1
[0000.18] Init: Presizing for 33476 objects not considered by GC, pre-allocating 0 bytes.
[0000.19] Init: Object subsystem initialized
[0000.19] Log: CachePaths() took 0.00 Seconds
[0000.21] Log: Using D3D9 device (0): Intel(R) HD Graphics 620
[0000.21] Log: Shader platform (RHI): PC-D3D-SM3
[0000.24] Log: PhysX GPU Support: DISABLED
[0005.40] Log: 60396 objects as part of root set at end of initial load.
[0005.40] Log: 0 out of 0 bytes used by permanent object pool.
[0005.40] Log: Initializing Engine...
[0005.42] Log: Wwise(R) SDK Version 2013.2.3 Build 4833. Copyright (c) 2006-2012 Audiokinetic Inc. / All Rights Reserved.
[0006.45] Log: Initializing Steamworks
[0006.47] Log: Logged in as 'RLD!'
[0006.50] Warning: Warning, Failed to load 'Class None.': Failed to find object 'Class None.'
[0006.50] Warning: Warning, Failed to find object 'Class None.'
[0006.51] Warning: Warning, Failed to load 'Class None.': Failed to find object 'Class None.'
[0006.51] Warning: Warning, Failed to find object 'Class None.'
[0006.51] Warning: Warning, Failed to load 'Class None.': Failed to find object 'Class None.'
[0006.51] Warning: Warning, Failed to find object 'Class None.'
[0006.51] Warning: Warning, Failed to load 'Class None.': Failed to find object 'Class None.'
[0006.51] Warning: Warning, Failed to find object 'Class None.'
[0006.51] Log: Found DLC CookedPCConsoleDLC
[0006.52] Log:  - Found 153 package files
[0006.53] Log:  - Found 198 content files
[0006.53] Log: Loading guid cache GuidCache_dlc1
[0006.53] DevDlc: Caching file: SB_DLC_VO_AI_Cannibal/..\..\OLGame\CookedPCConsoleDLC\English(US)\SB_DLC_VO_AI_Cannibal.bnk
[0006.53] DevDlc: Caching file: SB_DLC_VO_AI_Cannibal/..\..\OLGame\CookedPCConsoleDLC\English(US)\SB_DLC_VO_AI_Cannibal.txt
[0006.53] DevDlc: Caching file: SB_DLC_VO_AI_DDenis/..\..\OLGame\CookedPCConsoleDLC\English(US)\SB_DLC_VO_AI_DDenis.bnk
[0006.53] DevDlc: Caching file: SB_DLC_VO_AI_DDenis/..\..\OLGame\CookedPCConsoleDLC\English(US)\SB_DLC_VO_AI_DDenis.txt
[0006.53] DevDlc: Caching file: SB_DLC_VO_AI_Groom/..\..\OLGame\CookedPCConsoleDLC\English(US)\SB_DLC_VO_AI_Groom.bnk
[0006.53] DevDlc: Caching file: SB_DLC_VO_AI_Groom/..\..\OLGame\CookedPCConsoleDLC\English(US)\SB_DLC_VO_AI_Groom.txt
[0006.53] DevDlc: Caching file: SB_DLC_VO_AI_PATMANIC/..\..\OLGame\CookedPCConsoleDLC\English(US)\SB_DLC_VO_AI_PATMANIC.bnk
[0006.53] DevDlc: Caching file: SB_DLC_VO_AI_PATMANIC/..\..\OLGame\CookedPCConsoleDLC\English(US)\SB_DLC_VO_AI_PATMANIC.txt
[0006.53] DevDlc: Caching file: SB_DLC_VO_AI_PATSOCIO/..\..\OLGame\CookedPCConsoleDLC\English(US)\SB_DLC_VO_AI_PATSOCIO.bnk
[0006.53] DevDlc: Caching file: SB_DLC_VO_AI_PATSOCIO/..\..\OLGame\CookedPCConsoleDLC\English(US)\SB_DLC_VO_AI_PATSOCIO.txt
[0006.53] DevDlc: Caching file: SB_DLC_VO_AI_PATTERR/..\..\OLGame\CookedPCConsoleDLC\English(US)\SB_DLC_VO_AI_PATTERR.bnk
[0006.53] DevDlc: Caching file: SB_DLC_VO_AI_PATTERR/..\..\OLGame\CookedPCConsoleDLC\English(US)\SB_DLC_VO_AI_PATTERR.txt
[0006.53] DevDlc: Caching file: SB_DLC_VO_AI_SCICALM/..\..\OLGame\CookedPCConsoleDLC\English(US)\SB_DLC_VO_AI_SCICALM.bnk
[0006.53] DevDlc: Caching file: SB_DLC_VO_AI_SCICALM/..\..\OLGame\CookedPCConsoleDLC\English(US)\SB_DLC_VO_AI_SCICALM.txt
[0006.53] DevDlc: Caching file: SB_DLC_VO_AI_SCITERRI/..\..\OLGame\CookedPCConsoleDLC\English(US)\SB_DLC_VO_AI_SCITERRI.bnk
[0006.53] DevDlc: Caching file: SB_DLC_VO_AI_SCITERRI/..\..\OLGame\CookedPCConsoleDLC\English(US)\SB_DLC_VO_AI_SCITERRI.txt
[0006.53] DevDlc: Caching file: SB_DLC_VO_SE_Blaire_AdminRev/..\..\OLGame\CookedPCConsoleDLC\English(US)\SB_DLC_VO_SE_Blaire_AdminRev.bnk
[0006.53] DevDlc: Caching file: SB_DLC_VO_SE_Blaire_AdminRev/..\..\OLGame\CookedPCConsoleDLC\English(US)\SB_DLC_VO_SE_Blaire_AdminRev.txt
[0006.53] DevDlc: Caching file: SB_DLC_VO_SE_Blaire_Lab/..\..\OLGame\CookedPCConsoleDLC\English(US)\SB_DLC_VO_SE_Blaire_Lab.bnk
[0006.53] DevDlc: Caching file: SB_DLC_VO_SE_Blaire_Lab/..\..\OLGame\CookedPCConsoleDLC\English(US)\SB_DLC_VO_SE_Blaire_Lab.txt
[0006.53] DevDlc: Caching file: SB_DLC_VO_SE_Blaire_Prison/..\..\OLGame\CookedPCConsoleDLC\English(US)\SB_DLC_VO_SE_Blaire_Prison.bnk
[0006.53] DevDlc: Caching file: SB_DLC_VO_SE_Blaire_Prison/..\..\OLGame\CookedPCConsoleDLC\English(US)\SB_DLC_VO_SE_Blaire_Prison.txt
[0006.53] DevDlc: Caching file: SB_DLC_VO_SE_Cannibal_Build1/..\..\OLGame\CookedPCConsoleDLC\English(US)\SB_DLC_VO_SE_Cannibal_Build1.bnk
[0006.53] DevDlc: Caching file: SB_DLC_VO_SE_Cannibal_Build1/..\..\OLGame\CookedPCConsoleDLC\English(US)\SB_DLC_VO_SE_Cannibal_Build1.txt
[0006.53] DevDlc: Caching file: SB_DLC_VO_SE_DDenis_Attic/..\..\OLGame\CookedPCConsoleDLC\English(US)\SB_DLC_VO_SE_DDenis_Attic.bnk
[0006.53] DevDlc: Caching file: SB_DLC_VO_SE_DDenis_Attic/..\..\OLGame\CookedPCConsoleDLC\English(US)\SB_DLC_VO_SE_DDenis_Attic.txt
[0006.53] DevDlc: Caching file: SB_DLC_VO_SE_FMartin/..\..\OLGame\CookedPCConsoleDLC\English(US)\SB_DLC_VO_SE_FMartin.bnk
[0006.53] DevDlc: Caching file: SB_DLC_VO_SE_FMartin/..\..\OLGame\CookedPCConsoleDLC\English(US)\SB_DLC_VO_SE_FMartin.txt
[0006.53] DevDlc: Caching file: SB_DLC_VO_SE_Groom_Build2/..\..\OLGame\CookedPCConsoleDLC\English(US)\SB_DLC_VO_SE_Groom_Build2.bnk
[0006.53] DevDlc: Caching file: SB_DLC_VO_SE_Groom_Build2/..\..\OLGame\CookedPCConsoleDLC\English(US)\SB_DLC_VO_SE_Groom_Build2.txt
[0006.53] DevDlc: Caching file: SB_DLC_VO_SE_Groom_Lab/..\..\OLGame\CookedPCConsoleDLC\English(US)\SB_DLC_VO_SE_Groom_Lab.bnk
[0006.53] DevDlc: Caching file: SB_DLC_VO_SE_Groom_Lab/..\..\OLGame\CookedPCConsoleDLC\English(US)\SB_DLC_VO_SE_Groom_Lab.txt
[0006.53] DevDlc: Caching file: SB_DLC_VO_SE_Guard_AdminRev/..\..\OLGame\CookedPCConsoleDLC\English(US)\SB_DLC_VO_SE_Guard_AdminRev.bnk
[0006.53] DevDlc: Caching file: SB_DLC_VO_SE_Guard_AdminRev/..\..\OLGame\CookedPCConsoleDLC\English(US)\SB_DLC_VO_SE_Guard_AdminRev.txt
[0006.53] DevDlc: Caching file: SB_DLC_VO_SE_Guard_Build1/..\..\OLGame\CookedPCConsoleDLC\English(US)\SB_DLC_VO_SE_Guard_Build1.bnk
[0006.53] DevDlc: Caching file: SB_DLC_VO_SE_Guard_Build1/..\..\OLGame\CookedPCConsoleDLC\English(US)\SB_DLC_VO_SE_Guard_Build1.txt
[0006.53] DevDlc: Caching file: SB_DLC_VO_SE_Guard_Lab/..\..\OLGame\CookedPCConsoleDLC\English(US)\SB_DLC_VO_SE_Guard_Lab.bnk
[0006.53] DevDlc: Caching file: SB_DLC_VO_SE_Guard_Lab/..\..\OLGame\CookedPCConsoleDLC\English(US)\SB_DLC_VO_SE_Guard_Lab.txt
[0006.53] DevDlc: Caching file: SB_DLC_VO_SE_Guard_MaleWard/..\..\OLGame\CookedPCConsoleDLC\English(US)\SB_DLC_VO_SE_Guard_MaleWard.bnk
[0006.53] DevDlc: Caching file: SB_DLC_VO_SE_Guard_MaleWard/..\..\OLGame\CookedPCConsoleDLC\English(US)\SB_DLC_VO_SE_Guard_MaleWard.txt
[0006.53] DevDlc: Caching file: SB_DLC_VO_SE_Guard_PrisonRev/..\..\OLGame\CookedPCConsoleDLC\English(US)\SB_DLC_VO_SE_Guard_PrisonRev.bnk
[0006.53] DevDlc: Caching file: SB_DLC_VO_SE_Guard_PrisonRev/..\..\OLGame\CookedPCConsoleDLC\English(US)\SB_DLC_VO_SE_Guard_PrisonRev.txt
[0006.53] DevDlc: Caching file: SB_DLC_VO_SE_Julian/..\..\OLGame\CookedPCConsoleDLC\English(US)\SB_DLC_VO_SE_Julian.bnk
[0006.53] DevDlc: Caching file: SB_DLC_VO_SE_Julian/..\..\OLGame\CookedPCConsoleDLC\English(US)\SB_DLC_VO_SE_Julian.txt
[0006.53] DevDlc: Caching file: SB_DLC_VO_SE_Patients_Build1/..\..\OLGame\CookedPCConsoleDLC\English(US)\SB_DLC_VO_SE_Patients_Build1.bnk
[0006.53] DevDlc: Caching file: SB_DLC_VO_SE_Patients_Build1/..\..\OLGame\CookedPCConsoleDLC\English(US)\SB_DLC_VO_SE_Patients_Build1.txt
[0006.53] DevDlc: Caching file: SB_DLC_VO_SE_Patients_Build2/..\..\OLGame\CookedPCConsoleDLC\English(US)\SB_DLC_VO_SE_Patients_Build2.bnk
[0006.53] DevDlc: Caching file: SB_DLC_VO_SE_Patients_Build2/..\..\OLGame\CookedPCConsoleDLC\English(US)\SB_DLC_VO_SE_Patients_Build2.txt
[0006.53] DevDlc: Caching file: SB_DLC_VO_SE_Patients_PrisonRev/..\..\OLGame\CookedPCConsoleDLC\English(US)\SB_DLC_VO_SE_Patients_PrisonRev.bnk
[0006.53] DevDlc: Caching file: SB_DLC_VO_SE_Patients_PrisonRev/..\..\OLGame\CookedPCConsoleDLC\English(US)\SB_DLC_VO_SE_Patients_PrisonRev.txt
[0006.53] DevDlc: Caching file: SB_DLC_VO_SE_SCI_Build1/..\..\OLGame\CookedPCConsoleDLC\English(US)\SB_DLC_VO_SE_SCI_Build1.bnk
[0006.53] DevDlc: Caching file: SB_DLC_VO_SE_SCI_Build1/..\..\OLGame\CookedPCConsoleDLC\English(US)\SB_DLC_VO_SE_SCI_Build1.txt
[0006.53] DevDlc: Caching file: SB_DLC_VO_SE_SCI_Build2/..\..\OLGame\CookedPCConsoleDLC\English(US)\SB_DLC_VO_SE_SCI_Build2.bnk
[0006.53] DevDlc: Caching file: SB_DLC_VO_SE_SCI_Build2/..\..\OLGame\CookedPCConsoleDLC\English(US)\SB_DLC_VO_SE_SCI_Build2.txt
[0006.53] DevDlc: Caching file: SB_DLC_VO_SE_SCI_Lab/..\..\OLGame\CookedPCConsoleDLC\English(US)\SB_DLC_VO_SE_SCI_Lab.bnk
[0006.53] DevDlc: Caching file: SB_DLC_VO_SE_SCI_Lab/..\..\OLGame\CookedPCConsoleDLC\English(US)\SB_DLC_VO_SE_SCI_Lab.txt
[0006.53] DevDlc: Caching file: WwiseDefaultBank_Amb_Interior_01/..\..\OLGame\CookedPCConsoleDLC\English(US)\WwiseDefaultBank_Amb_Interior_01.txt
[0006.53] DevDlc: Caching file: WwiseDefaultBank_VO_ACT1_Various/..\..\OLGame\CookedPCConsoleDLC\English(US)\WwiseDefaultBank_VO_ACT1_Various.bnk
[0006.53] DevDlc: Caching file: WwiseDefaultBank_VO_ACT1_Various/..\..\OLGame\CookedPCConsoleDLC\English(US)\WwiseDefaultBank_VO_ACT1_Various.txt
[0006.53] DevDlc: Caching file: WwiseDefaultBank_VO_ACT3_Various/..\..\OLGame\CookedPCConsoleDLC\English(US)\WwiseDefaultBank_VO_ACT3_Various.bnk
[0006.53] DevDlc: Caching file: WwiseDefaultBank_VO_ACT3_Various/..\..\OLGame\CookedPCConsoleDLC\English(US)\WwiseDefaultBank_VO_ACT3_Various.txt
[0006.53] DevDlc: Caching file: WwiseDefaultBank_VO_Patient_Admin_Block_2/..\..\OLGame\CookedPCConsoleDLC\English(US)\WwiseDefaultBank_VO_Patient_Admin_Block_2.bnk
[0006.53] DevDlc: Caching file: WwiseDefaultBank_VO_Patient_Admin_Block_2/..\..\OLGame\CookedPCConsoleDLC\English(US)\WwiseDefaultBank_VO_Patient_Admin_Block_2.txt
[0006.53] DevDlc: Caching file: WwiseDefaultBank_VO_Patient_AI/..\..\OLGame\CookedPCConsoleDLC\English(US)\WwiseDefaultBank_VO_Patient_AI.bnk
[0006.53] DevDlc: Caching file: WwiseDefaultBank_VO_Patient_AI/..\..\OLGame\CookedPCConsoleDLC\English(US)\WwiseDefaultBank_VO_Patient_AI.txt
[0006.53] DevDlc: Caching file: WwiseDefaultBank_VO_Patient_Ext_Courtyard/..\..\OLGame\CookedPCConsoleDLC\English(US)\WwiseDefaultBank_VO_Patient_Ext_Courtyard.bnk
[0006.53] DevDlc: Caching file: WwiseDefaultBank_VO_Patient_Ext_Courtyard/..\..\OLGame\CookedPCConsoleDLC\English(US)\WwiseDefaultBank_VO_Patient_Ext_Courtyard.txt
[0006.53] DevDlc: Caching file: WwiseDefaultBank_VO_Patient_Female_Ward/..\..\OLGame\CookedPCConsoleDLC\English(US)\WwiseDefaultBank_VO_Patient_Female_Ward.bnk
[0006.53] DevDlc: Caching file: WwiseDefaultBank_VO_Patient_Female_Ward/..\..\OLGame\CookedPCConsoleDLC\English(US)\WwiseDefaultBank_VO_Patient_Female_Ward.txt
[0006.53] DevDlc: Caching file: WwiseDefaultBank_VO_Patient_Male_Ward_Bsmt/..\..\OLGame\CookedPCConsoleDLC\English(US)\WwiseDefaultBank_VO_Patient_Male_Ward_Bsmt.bnk
[0006.53] DevDlc: Caching file: WwiseDefaultBank_VO_Patient_Male_Ward_Bsmt/..\..\OLGame\CookedPCConsoleDLC\English(US)\WwiseDefaultBank_VO_Patient_Male_Ward_Bsmt.txt
[0006.53] DevDlc: Caching file: WwiseDefaultBank_VO_Patient_Male_Ward_Up_Lvls/..\..\OLGame\CookedPCConsoleDLC\English(US)\WwiseDefaultBank_VO_Patient_Male_Ward_Up_Lvls.bnk
[0006.53] DevDlc: Caching file: WwiseDefaultBank_VO_Patient_Male_Ward_Up_Lvls/..\..\OLGame\CookedPCConsoleDLC\English(US)\WwiseDefaultBank_VO_Patient_Male_Ward_Up_Lvls.txt
[0006.53] DevDlc: Caching file: WwiseDefaultBank_VO_Patient_Prison/..\..\OLGame\CookedPCConsoleDLC\English(US)\WwiseDefaultBank_VO_Patient_Prison.bnk
[0006.53] DevDlc: Caching file: WwiseDefaultBank_VO_Patient_Prison/..\..\OLGame\CookedPCConsoleDLC\English(US)\WwiseDefaultBank_VO_Patient_Prison.txt
[0006.53] DevDlc: Caching file: WwiseDefaultBank_VO_Patient_Sewers/..\..\OLGame\CookedPCConsoleDLC\English(US)\WwiseDefaultBank_VO_Patient_Sewers.bnk
[0006.53] DevDlc: Caching file: WwiseDefaultBank_VO_Patient_Sewers/..\..\OLGame\CookedPCConsoleDLC\English(US)\WwiseDefaultBank_VO_Patient_Sewers.txt
[0006.53] DevDlc: Caching file: WwiseDefaultBank_VO_Priest/..\..\OLGame\CookedPCConsoleDLC\English(US)\WwiseDefaultBank_VO_Priest.bnk
[0006.53] DevDlc: Caching file: WwiseDefaultBank_VO_Priest/..\..\OLGame\CookedPCConsoleDLC\English(US)\WwiseDefaultBank_VO_Priest.txt
[0006.53] DevDlc: Caching file: WwiseDefaultBank_VO_Soldier/..\..\OLGame\CookedPCConsoleDLC\English(US)\WwiseDefaultBank_VO_Soldier.bnk
[0006.53] DevDlc: Caching file: WwiseDefaultBank_VO_Soldier/..\..\OLGame\CookedPCConsoleDLC\English(US)\WwiseDefaultBank_VO_Soldier.txt
[0006.53] DevDlc: Caching file: WwiseDefaultBank_VO_Surgeon/..\..\OLGame\CookedPCConsoleDLC\English(US)\WwiseDefaultBank_VO_Surgeon.bnk
[0006.53] DevDlc: Caching file: WwiseDefaultBank_VO_Surgeon/..\..\OLGame\CookedPCConsoleDLC\English(US)\WwiseDefaultBank_VO_Surgeon.txt
[0006.53] DevDlc: Caching file: CharTextures_dlc1/..\..\OLGame\CookedPCConsoleDLC\CharTextures_dlc1.tfc
[0006.53] DevDlc: Caching file: GlobalShaderCache-PC-D3D-SM3/..\..\OLGame\CookedPCConsoleDLC\GlobalShaderCache-PC-D3D-SM3.bin
[0006.53] DevDlc: Caching file: Init/..\..\OLGame\CookedPCConsoleDLC\Init.bnk
[0006.53] DevDlc: Caching file: Init/..\..\OLGame\CookedPCConsoleDLC\Init.txt
[0006.53] DevDlc: Caching file: Lighting_dlc1/..\..\OLGame\CookedPCConsoleDLC\Lighting_dlc1.tfc
[0006.53] DevDlc: Caching file: PersistentCookerShaderData/..\..\OLGame\CookedPCConsoleDLC\PersistentCookerShaderData.bin
[0006.53] DevDlc: Caching file: PluginInfo/..\..\OLGame\CookedPCConsoleDLC\PluginInfo.xml
[0006.53] DevDlc: Caching file: SB_DLC_MU_AdminRev/..\..\OLGame\CookedPCConsoleDLC\SB_DLC_MU_AdminRev.bnk
[0006.53] DevDlc: Caching file: SB_DLC_MU_AdminRev/..\..\OLGame\CookedPCConsoleDLC\SB_DLC_MU_AdminRev.txt
[0006.53] DevDlc: Caching file: SB_DLC_MU_build1/..\..\OLGame\CookedPCConsoleDLC\SB_DLC_MU_build1.bnk
[0006.53] DevDlc: Caching file: SB_DLC_MU_build1/..\..\OLGame\CookedPCConsoleDLC\SB_DLC_MU_build1.txt
[0006.53] DevDlc: Caching file: SB_DLC_MU_Build2/..\..\OLGame\CookedPCConsoleDLC\SB_DLC_MU_Build2.bnk
[0006.53] DevDlc: Caching file: SB_DLC_MU_Build2/..\..\OLGame\CookedPCConsoleDLC\SB_DLC_MU_Build2.txt
[0006.53] DevDlc: Caching file: SB_DLC_MU_Denis/..\..\OLGame\CookedPCConsoleDLC\SB_DLC_MU_Denis.bnk
[0006.53] DevDlc: Caching file: SB_DLC_MU_Denis/..\..\OLGame\CookedPCConsoleDLC\SB_DLC_MU_Denis.txt
[0006.53] DevDlc: Caching file: SB_DLC_MU_Groom/..\..\OLGame\CookedPCConsoleDLC\SB_DLC_MU_Groom.bnk
[0006.53] DevDlc: Caching file: SB_DLC_MU_Groom/..\..\OLGame\CookedPCConsoleDLC\SB_DLC_MU_Groom.txt
[0006.53] DevDlc: Caching file: SB_DLC_MU_Maleward/..\..\OLGame\CookedPCConsoleDLC\SB_DLC_MU_Maleward.bnk
[0006.53] DevDlc: Caching file: SB_DLC_MU_Maleward/..\..\OLGame\CookedPCConsoleDLC\SB_DLC_MU_Maleward.txt
[0006.53] DevDlc: Caching file: SB_DLC_MU_Prison/..\..\OLGame\CookedPCConsoleDLC\SB_DLC_MU_Prison.bnk
[0006.53] DevDlc: Caching file: SB_DLC_MU_Prison/..\..\OLGame\CookedPCConsoleDLC\SB_DLC_MU_Prison.txt
[0006.53] DevDlc: Caching file: SB_DLC_MU_Stingers/..\..\OLGame\CookedPCConsoleDLC\SB_DLC_MU_Stingers.bnk
[0006.53] DevDlc: Caching file: SB_DLC_MU_Stingers/..\..\OLGame\CookedPCConsoleDLC\SB_DLC_MU_Stingers.txt
[0006.53] DevDlc: Caching file: SB_DLC_States/..\..\OLGame\CookedPCConsoleDLC\SB_DLC_States.bnk
[0006.53] DevDlc: Caching file: SB_DLC_States/..\..\OLGame\CookedPCConsoleDLC\SB_DLC_States.txt
[0006.53] DevDlc: Caching file: SoundbanksInfo/..\..\OLGame\CookedPCConsoleDLC\SoundbanksInfo.xml
[0006.53] DevDlc: Caching file: Textures_dlc1/..\..\OLGame\CookedPCConsoleDLC\Textures_dlc1.tfc
[0006.53] DevDlc: Caching file: WwiseDefaultBank_Amb_Basement/..\..\OLGame\CookedPCConsoleDLC\WwiseDefaultBank_Amb_Basement.bnk
[0006.53] DevDlc: Caching file: WwiseDefaultBank_Amb_Basement/..\..\OLGame\CookedPCConsoleDLC\WwiseDefaultBank_Amb_Basement.txt
[0006.53] DevDlc: Caching file: WwiseDefaultBank_Amb_Courtyard/..\..\OLGame\CookedPCConsoleDLC\WwiseDefaultBank_Amb_Courtyard.bnk
[0006.53] DevDlc: Caching file: WwiseDefaultBank_Amb_Courtyard/..\..\OLGame\CookedPCConsoleDLC\WwiseDefaultBank_Amb_Courtyard.txt
[0006.53] DevDlc: Caching file: WwiseDefaultBank_Amb_Exterior/..\..\OLGame\CookedPCConsoleDLC\WwiseDefaultBank_Amb_Exterior.bnk
[0006.53] DevDlc: Caching file: WwiseDefaultBank_Amb_Exterior/..\..\OLGame\CookedPCConsoleDLC\WwiseDefaultBank_Amb_Exterior.txt
[0006.53] DevDlc: Caching file: WwiseDefaultBank_Amb_FemaleWard/..\..\OLGame\CookedPCConsoleDLC\WwiseDefaultBank_Amb_FemaleWard.bnk
[0006.53] DevDlc: Caching file: WwiseDefaultBank_Amb_FemaleWard/..\..\OLGame\CookedPCConsoleDLC\WwiseDefaultBank_Amb_FemaleWard.txt
[0006.53] DevDlc: Caching file: WwiseDefaultBank_Amb_Generic/..\..\OLGame\CookedPCConsoleDLC\WwiseDefaultBank_Amb_Generic.bnk
[0006.53] DevDlc: Caching file: WwiseDefaultBank_Amb_Generic/..\..\OLGame\CookedPCConsoleDLC\WwiseDefaultBank_Amb_Generic.txt
[0006.53] DevDlc: Caching file: WwiseDefaultBank_Amb_Interior_01/..\..\OLGame\CookedPCConsoleDLC\WwiseDefaultBank_Amb_Interior_01.bnk
[0006.53] DevDlc: Caching file: WwiseDefaultBank_Amb_Interior_01/..\..\OLGame\CookedPCConsoleDLC\WwiseDefaultBank_Amb_Interior_01.txt
[0006.53] DevDlc: Caching file: WwiseDefaultBank_Amb_Labo/..\..\OLGame\CookedPCConsoleDLC\WwiseDefaultBank_Amb_Labo.bnk
[0006.53] DevDlc: Caching file: WwiseDefaultBank_Amb_Labo/..\..\OLGame\CookedPCConsoleDLC\WwiseDefaultBank_Amb_Labo.txt
[0006.53] DevDlc: Caching file: WwiseDefaultBank_Amb_Male_Ward/..\..\OLGame\CookedPCConsoleDLC\WwiseDefaultBank_Amb_Male_Ward.bnk
[0006.53] DevDlc: Caching file: WwiseDefaultBank_Amb_Male_Ward/..\..\OLGame\CookedPCConsoleDLC\WwiseDefaultBank_Amb_Male_Ward.txt
[0006.53] DevDlc: Caching file: WwiseDefaultBank_Amb_Prison_01/..\..\OLGame\CookedPCConsoleDLC\WwiseDefaultBank_Amb_Prison_01.bnk
[0006.54] DevDlc: Caching file: WwiseDefaultBank_Amb_Prison_01/..\..\OLGame\CookedPCConsoleDLC\WwiseDefaultBank_Amb_Prison_01.txt
[0006.54] DevDlc: Caching file: WwiseDefaultBank_Amb_Sewer/..\..\OLGame\CookedPCConsoleDLC\WwiseDefaultBank_Amb_Sewer.bnk
[0006.54] DevDlc: Caching file: WwiseDefaultBank_Amb_Sewer/..\..\OLGame\CookedPCConsoleDLC\WwiseDefaultBank_Amb_Sewer.txt
[0006.54] DevDlc: Caching file: WwiseDefaultBank_DLC_AMB_Attic/..\..\OLGame\CookedPCConsoleDLC\WwiseDefaultBank_DLC_AMB_Attic.bnk
[0006.54] DevDlc: Caching file: WwiseDefaultBank_DLC_AMB_Attic/..\..\OLGame\CookedPCConsoleDLC\WwiseDefaultBank_DLC_AMB_Attic.txt
[0006.54] DevDlc: Caching file: WwiseDefaultBank_DLC_AMB_Build1/..\..\OLGame\CookedPCConsoleDLC\WwiseDefaultBank_DLC_AMB_Build1.bnk
[0006.54] DevDlc: Caching file: WwiseDefaultBank_DLC_AMB_Build1/..\..\OLGame\CookedPCConsoleDLC\WwiseDefaultBank_DLC_AMB_Build1.txt
[0006.54] DevDlc: Caching file: WwiseDefaultBank_DLC_AMB_Build2/..\..\OLGame\CookedPCConsoleDLC\WwiseDefaultBank_DLC_AMB_Build2.bnk
[0006.54] DevDlc: Caching file: WwiseDefaultBank_DLC_AMB_Build2/..\..\OLGame\CookedPCConsoleDLC\WwiseDefaultBank_DLC_AMB_Build2.txt
[0006.54] DevDlc: Caching file: WwiseDefaultBank_DLC_AMB_Ext/..\..\OLGame\CookedPCConsoleDLC\WwiseDefaultBank_DLC_AMB_Ext.bnk
[0006.54] DevDlc: Caching file: WwiseDefaultBank_DLC_AMB_Ext/..\..\OLGame\CookedPCConsoleDLC\WwiseDefaultBank_DLC_AMB_Ext.txt
[0006.54] DevDlc: Caching file: WwiseDefaultBank_DLC_AMB_Lab/..\..\OLGame\CookedPCConsoleDLC\WwiseDefaultBank_DLC_AMB_Lab.bnk
[0006.54] DevDlc: Caching file: WwiseDefaultBank_DLC_AMB_Lab/..\..\OLGame\CookedPCConsoleDLC\WwiseDefaultBank_DLC_AMB_Lab.txt
[0006.54] DevDlc: Caching file: WwiseDefaultBank_DLC_CIN_AdminRev/..\..\OLGame\CookedPCConsoleDLC\WwiseDefaultBank_DLC_CIN_AdminRev.bnk
[0006.54] DevDlc: Caching file: WwiseDefaultBank_DLC_CIN_AdminRev/..\..\OLGame\CookedPCConsoleDLC\WwiseDefaultBank_DLC_CIN_AdminRev.txt
[0006.54] DevDlc: Caching file: WwiseDefaultBank_DLC_CIN_Build1/..\..\OLGame\CookedPCConsoleDLC\WwiseDefaultBank_DLC_CIN_Build1.bnk
[0006.54] DevDlc: Caching file: WwiseDefaultBank_DLC_CIN_Build1/..\..\OLGame\CookedPCConsoleDLC\WwiseDefaultBank_DLC_CIN_Build1.txt
[0006.54] DevDlc: Caching file: WwiseDefaultBank_DLC_CIN_Build2/..\..\OLGame\CookedPCConsoleDLC\WwiseDefaultBank_DLC_CIN_Build2.bnk
[0006.54] DevDlc: Caching file: WwiseDefaultBank_DLC_CIN_Build2/..\..\OLGame\CookedPCConsoleDLC\WwiseDefaultBank_DLC_CIN_Build2.txt
[0006.54] DevDlc: Caching file: WwiseDefaultBank_DLC_CIN_Lab/..\..\OLGame\CookedPCConsoleDLC\WwiseDefaultBank_DLC_CIN_Lab.bnk
[0006.54] DevDlc: Caching file: WwiseDefaultBank_DLC_CIN_Lab/..\..\OLGame\CookedPCConsoleDLC\WwiseDefaultBank_DLC_CIN_Lab.txt
[0006.54] DevDlc: Caching file: WwiseDefaultBank_DLC_CIN_Prison/..\..\OLGame\CookedPCConsoleDLC\WwiseDefaultBank_DLC_CIN_Prison.bnk
[0006.54] DevDlc: Caching file: WwiseDefaultBank_DLC_CIN_Prison/..\..\OLGame\CookedPCConsoleDLC\WwiseDefaultBank_DLC_CIN_Prison.txt
[0006.54] DevDlc: Caching file: WwiseDefaultBank_DLC_SFX_build1/..\..\OLGame\CookedPCConsoleDLC\WwiseDefaultBank_DLC_SFX_build1.bnk
[0006.54] DevDlc: Caching file: WwiseDefaultBank_DLC_SFX_build1/..\..\OLGame\CookedPCConsoleDLC\WwiseDefaultBank_DLC_SFX_build1.txt
[0006.54] DevDlc: Caching file: WwiseDefaultBank_DLC_SFX_Can/..\..\OLGame\CookedPCConsoleDLC\WwiseDefaultBank_DLC_SFX_Can.bnk
[0006.54] DevDlc: Caching file: WwiseDefaultBank_DLC_SFX_Can/..\..\OLGame\CookedPCConsoleDLC\WwiseDefaultBank_DLC_SFX_Can.txt
[0006.54] DevDlc: Caching file: WwiseDefaultBank_DLC_SFX_generic/..\..\OLGame\CookedPCConsoleDLC\WwiseDefaultBank_DLC_SFX_generic.bnk
[0006.54] DevDlc: Caching file: WwiseDefaultBank_DLC_SFX_generic/..\..\OLGame\CookedPCConsoleDLC\WwiseDefaultBank_DLC_SFX_generic.txt
[0006.54] DevDlc: Caching file: WwiseDefaultBank_DLC_SFX_Impacts/..\..\OLGame\CookedPCConsoleDLC\WwiseDefaultBank_DLC_SFX_Impacts.bnk
[0006.54] DevDlc: Caching file: WwiseDefaultBank_DLC_SFX_Impacts/..\..\OLGame\CookedPCConsoleDLC\WwiseDefaultBank_DLC_SFX_Impacts.txt
[0006.54] DevDlc: Caching file: WwiseDefaultBank_DLC_VO_AI_Cannibal_Build1/..\..\OLGame\CookedPCConsoleDLC\WwiseDefaultBank_DLC_VO_AI_Cannibal_Build1.bnk
[0006.54] DevDlc: Caching file: WwiseDefaultBank_DLC_VO_AI_Cannibal_Build1/..\..\OLGame\CookedPCConsoleDLC\WwiseDefaultBank_DLC_VO_AI_Cannibal_Build1.txt
[0006.54] DevDlc: Caching file: WwiseDefaultBank_General_Sound/..\..\OLGame\CookedPCConsoleDLC\WwiseDefaultBank_General_Sound.bnk
[0006.54] DevDlc: Caching file: WwiseDefaultBank_General_Sound/..\..\OLGame\CookedPCConsoleDLC\WwiseDefaultBank_General_Sound.txt
[0006.54] DevDlc: Caching file: WwiseDefaultBank_Intro_Logo/..\..\OLGame\CookedPCConsoleDLC\WwiseDefaultBank_Intro_Logo.bnk
[0006.54] DevDlc: Caching file: WwiseDefaultBank_Intro_Logo/..\..\OLGame\CookedPCConsoleDLC\WwiseDefaultBank_Intro_Logo.txt
[0006.54] DevDlc: Caching file: WwiseDefaultBank_Menu/..\..\OLGame\CookedPCConsoleDLC\WwiseDefaultBank_Menu.bnk
[0006.54] DevDlc: Caching file: WwiseDefaultBank_Menu/..\..\OLGame\CookedPCConsoleDLC\WwiseDefaultBank_Menu.txt
[0006.54] DevDlc: Caching file: WwiseDefaultBank_Music_Admin_Revisit/..\..\OLGame\CookedPCConsoleDLC\WwiseDefaultBank_Music_Admin_Revisit.bnk
[0006.54] DevDlc: Caching file: WwiseDefaultBank_Music_Admin_Revisit/..\..\OLGame\CookedPCConsoleDLC\WwiseDefaultBank_Music_Admin_Revisit.txt
[0006.54] DevDlc: Caching file: WwiseDefaultBank_Music_Courtyard/..\..\OLGame\CookedPCConsoleDLC\WwiseDefaultBank_Music_Courtyard.bnk
[0006.54] DevDlc: Caching file: WwiseDefaultBank_Music_Courtyard/..\..\OLGame\CookedPCConsoleDLC\WwiseDefaultBank_Music_Courtyard.txt
[0006.54] DevDlc: Caching file: WwiseDefaultBank_Music_Exterior/..\..\OLGame\CookedPCConsoleDLC\WwiseDefaultBank_Music_Exterior.bnk
[0006.54] DevDlc: Caching file: WwiseDefaultBank_Music_Exterior/..\..\OLGame\CookedPCConsoleDLC\WwiseDefaultBank_Music_Exterior.txt
[0006.54] DevDlc: Caching file: WwiseDefaultBank_Music_FemaleWard/..\..\OLGame\CookedPCConsoleDLC\WwiseDefaultBank_Music_FemaleWard.bnk
[0006.54] DevDlc: Caching file: WwiseDefaultBank_Music_FemaleWard/..\..\OLGame\CookedPCConsoleDLC\WwiseDefaultBank_Music_FemaleWard.txt
[0006.54] DevDlc: Caching file: WwiseDefaultBank_Music_Interior/..\..\OLGame\CookedPCConsoleDLC\WwiseDefaultBank_Music_Interior.bnk
[0006.54] DevDlc: Caching file: WwiseDefaultBank_Music_Interior/..\..\OLGame\CookedPCConsoleDLC\WwiseDefaultBank_Music_Interior.txt
[0006.54] DevDlc: Caching file: WwiseDefaultBank_Music_Labo/..\..\OLGame\CookedPCConsoleDLC\WwiseDefaultBank_Music_Labo.bnk
[0006.54] DevDlc: Caching file: WwiseDefaultBank_Music_Labo/..\..\OLGame\CookedPCConsoleDLC\WwiseDefaultBank_Music_Labo.txt
[0006.54] DevDlc: Caching file: WwiseDefaultBank_Music_MaleWard/..\..\OLGame\CookedPCConsoleDLC\WwiseDefaultBank_Music_MaleWard.bnk
[0006.54] DevDlc: Caching file: WwiseDefaultBank_Music_MaleWard/..\..\OLGame\CookedPCConsoleDLC\WwiseDefaultBank_Music_MaleWard.txt
[0006.54] DevDlc: Caching file: WwiseDefaultBank_Music_Prison/..\..\OLGame\CookedPCConsoleDLC\WwiseDefaultBank_Music_Prison.bnk
[0006.54] DevDlc: Caching file: WwiseDefaultBank_Music_Prison/..\..\OLGame\CookedPCConsoleDLC\WwiseDefaultBank_Music_Prison.txt
[0006.54] DevDlc: Caching file: WwiseDefaultBank_Music_Sewer/..\..\OLGame\CookedPCConsoleDLC\WwiseDefaultBank_Music_Sewer.bnk
[0006.54] DevDlc: Caching file: WwiseDefaultBank_Music_Sewer/..\..\OLGame\CookedPCConsoleDLC\WwiseDefaultBank_Music_Sewer.txt
[0006.54] DevDlc: Caching file: WwiseDefaultBank_NPCs_Sounds/..\..\OLGame\CookedPCConsoleDLC\WwiseDefaultBank_NPCs_Sounds.bnk
[0006.54] DevDlc: Caching file: WwiseDefaultBank_NPCs_Sounds/..\..\OLGame\CookedPCConsoleDLC\WwiseDefaultBank_NPCs_Sounds.txt
[0006.54] DevDlc: Caching file: WwiseDefaultBank_Player_Sound/..\..\OLGame\CookedPCConsoleDLC\WwiseDefaultBank_Player_Sound.bnk
[0006.54] DevDlc: Caching file: WwiseDefaultBank_Player_Sound/..\..\OLGame\CookedPCConsoleDLC\WwiseDefaultBank_Player_Sound.txt
[0006.54] DevDlc: Caching file: WwiseDefaultBank_Reverb/..\..\OLGame\CookedPCConsoleDLC\WwiseDefaultBank_Reverb.bnk
[0006.54] DevDlc: Caching file: WwiseDefaultBank_Reverb/..\..\OLGame\CookedPCConsoleDLC\WwiseDefaultBank_Reverb.txt
[0006.54] DevDlc: Caching file: WwiseDefaultBank_SFX/..\..\OLGame\CookedPCConsoleDLC\WwiseDefaultBank_SFX.bnk
[0006.54] DevDlc: Caching file: WwiseDefaultBank_SFX/..\..\OLGame\CookedPCConsoleDLC\WwiseDefaultBank_SFX.txt
[0006.54] DevDlc: Caching file: WwiseDefaultBank_Soldier_Snd/..\..\OLGame\CookedPCConsoleDLC\WwiseDefaultBank_Soldier_Snd.bnk
[0006.54] DevDlc: Caching file: WwiseDefaultBank_Soldier_Snd/..\..\OLGame\CookedPCConsoleDLC\WwiseDefaultBank_Soldier_Snd.txt
[0006.54] DevDlc: Caching file: WwiseDefaultBank_Swarm_Sound/..\..\OLGame\CookedPCConsoleDLC\WwiseDefaultBank_Swarm_Sound.bnk
[0006.54] DevDlc: Caching file: WwiseDefaultBank_Swarm_Sound/..\..\OLGame\CookedPCConsoleDLC\WwiseDefaultBank_Swarm_Sound.txt
[0006.54] DevDlc: Caching file: WwiseDefaultBank_VO_Miles/..\..\OLGame\CookedPCConsoleDLC\WwiseDefaultBank_VO_Miles.bnk
[0006.54] DevDlc: Caching file: WwiseDefaultBank_VO_Miles/..\..\OLGame\CookedPCConsoleDLC\WwiseDefaultBank_VO_Miles.txt
[0006.54] Log: DLC installed successfully
[0006.55] Log: LoadMap: DLC_Intro_Persistent?Name=Player?Team=255
[0006.58] Log: Game class is 'OLGame'
[0006.59] Log: Primary PhysX scene will be in software.
[0006.59] Log: Creating Primary PhysX Scene.
[0006.60] Log: *** WARNING - PATHS MAY NOT BE VALID ***
[0006.60] Log: Bringing World DLC_Intro_Persistent.TheWorld up for play (0) at 2019.12.10-23.23.19
[0006.60] Log: Bringing up level for play took: 0.008553
[0006.60] Log: Playing DLC - invalid checkpoint but DLC persistent
[0006.61] Error: Can't start an online game that hasn't been created
[0006.76] Error: StartLocalVoiceProcessing(): Device is currently owned by another user
[0006.76] Log: ########### Finished loading level: 0.203968 seconds
[0006.76] Log: Flushing async loaders.
[0006.78] Log: Flushed async loaders.
[0006.78] Log: Initializing Engine Completed
[0009.27] Log: >>>>>>>>>>>>>> Initial startup: 9.27s <<<<<<<<<<<<<<<
[0009.28] Log: ActivateLevel dlc_mainmenugame 1 1 1
[0009.29] Log: ### Applying resolution 1280 x 720 (Fullscreen: yes)
[0009.30] Log: Don't use 'IsSteamSocketsServer' on non-listen-server clients; crashing
[0009.30] Log: Don't use 'IsSteamSocketsServer' on non-listen-server clients; crashing
[0009.30] Log: Steam game server UID: 85568397216006720
[0009.94] Log: Flushing async loaders.
[0010.00] Log: Flushed async loaders.
[0010.00] Log:  ### --- Resetting level dlc_checkpoints
[0010.00] Log:  ### --- Resetting level x_checkpoints
[0010.01] Log: No Cached BSP Physics Data Found Or Out Of Date - Cooking Now.
[0010.01] Log: COOKEDPHYSICS: BSP 0.00 KB
[0010.01] Log:  ### --- Resetting level dlc_mainmenugame
[0010.17] Log: Resizing to 1280x720 (fullscreen)
[0011.69] Log: ### UpdateProfileFromSystemSettings - Current resolution is SR_1280x720 (1280 x 720, fullscreen: yes)
[0011.83] Warning: Warning, Failed to load 'Font None.Times New Roman': Failed to find object 'Font None.Times New Roman'
[0011.83] Warning: Warning, Failed to load 'Font None.Times New Roman': Failed to find object 'Font None.Times New Roman'
[0015.66] Log: --- LOADING CHECKPOINT "Admin_Explosion" ---
[0015.66] DevGameState: Resetting GameState
[0015.66] Log: Starting at checkpoint "Admin_Explosion" - DLC: no
[0015.67] Log: --- LOADING MOVIE START ---
[0015.74] Log: Starting at checkpoint "Admin_Explosion" - DLC: no
[0015.75] Log: Flushing async loaders.
[0015.76] Warning: Warning, Failed to compile Material Instance Asylum_post_process.PostUber.PostUberNoise with Base DefaultMaterial for platform PC-D3D-SM3, Default Material will be used in game.
[0015.76] Log: Flushed async loaders.
[0015.81] Log:  ### --- Resetting level adminblock_persistent
[0015.85] Log: Committed map change via OLEngine Transient.OLEngine_0
[0015.95] Log: Flushing async loaders.
[0019.18] Log: Flushed async loaders.
[0019.18] Log:  ### --- Resetting level skydome_dawn
[0019.21] Log:  ### --- Resetting level asylum_exterior-art
[0019.22] Log:  ### --- Resetting level asylum_exterior-01b
[0019.22] Log:  ### --- Resetting level center_block_explosionroom-art
[0019.22] Log:  ### --- Resetting level center_block_02
[0019.23] Log:  ### --- Resetting level center_block_02_chunka
[0019.24] Log:  ### --- Resetting level center_block_02_chunkc
[0019.25] Log:  ### --- Resetting level center_block_sript
[0019.26] Log:  ### --- Resetting level asylum_exterior_snd
[0019.27] Log:  ### --- Resetting level center_block_floors_snd
[0020.29] DevGameState: GS - Applying checkpoint Admin_Explosion
[0020.29] Log: New master gamestate list found.
[0020.29] Log: New master checkpoint list found.
[0022.30] Log: KISMET: Remote event WheelchairReady activated for 1 recipients
[0022.56] Log: --- LOADING MOVIE TIME: 6.88 sec ---
[0061.21] Log: ### UpdateProfileFromSystemSettings - Current resolution is SR_1280x720 (1280 x 720, fullscreen: yes)
[0061.30] ScriptWarning: Accessed None 'ButtonBar'
	OLUIFrontEnd_PauseMenu DLC_Intro_Persistent.TheWorld:PersistentLevel.OLHUD_0.OLUIFrontEnd_1.OLUIFrontEnd_PauseMenu_1
	Function OLGame.OLUIFrontEnd_PauseMenu:PopulateButtons:0400
[0061.30] ScriptWarning: Accessed None 'ButtonBar'
	OLUIFrontEnd_PauseMenu DLC_Intro_Persistent.TheWorld:PersistentLevel.OLHUD_0.OLUIFrontEnd_1.OLUIFrontEnd_PauseMenu_1
	Function OLGame.OLUIFrontEnd_PauseMenu:PopulateButtons:0436
[0061.34] Warning: Warning, Failed to load 'Font None.Times New Roman': Failed to find object 'Font None.Times New Roman'
[0061.34] Warning: Warning, Failed to load 'Font None.Times New Roman': Failed to find object 'Font None.Times New Roman'
[0063.87] Log: --- SAVING CHECKPOINT "Admin_Explosion" ---
[0063.88] DevGameState: Resetting GameState
[0063.89] Log: LoadMap: DLC_Intro_Persistent?Name=Player?Team=255
[0063.90] Log: --- LOADING MOVIE START ---
[0064.41] Log: Game class is 'OLGame'
[0065.66] Log: Primary PhysX scene will be in software.
[0065.66] Log: Creating Primary PhysX Scene.
[0065.66] Log: *** WARNING - PATHS MAY NOT BE VALID ***
[0065.66] Log: Bringing World DLC_Intro_Persistent.TheWorld up for play (0) at 2019.12.10-23.24.18
[0065.67] Log: Bringing up level for play took: 1.253909
[0065.67] Log: Playing DLC - invalid checkpoint but DLC persistent
[0065.85] Log: Reloaded all WWise Banks for DLC
[0065.85] Error: Can't start an online game that hasn't been created
[0065.87] Error: StartLocalVoiceProcessing(): Device is currently owned by another user
[0065.87] Log: ########### Finished loading level: 1.975347 seconds
[0065.87] Log: Flushing async loaders.
[0065.89] Log: Flushed async loaders.
[0065.89] Log: ActivateLevel dlc_mainmenugame 1 1 1
[0065.89] Log: ### Applying resolution 1280 x 720 (Fullscreen: yes)
[0065.91] Log: Flushing async loaders.
[0065.96] Log: Flushed async loaders.
[0065.97] Log:  ### --- Resetting level dlc_checkpoints
[0065.97] Log:  ### --- Resetting level x_checkpoints
[0065.97] Log: No Cached BSP Physics Data Found Or Out Of Date - Cooking Now.
[0065.97] Log: COOKEDPHYSICS: BSP 0.00 KB
[0065.98] Log:  ### --- Resetting level dlc_mainmenugame
[0066.17] Log: ### UpdateProfileFromSystemSettings - Current resolution is SR_1280x720 (1280 x 720, fullscreen: yes)
[0066.31] Warning: Warning, Failed to load 'Font None.Times New Roman': Failed to find object 'Font None.Times New Roman'
[0066.31] Warning: Warning, Failed to load 'Font None.Times New Roman': Failed to find object 'Font None.Times New Roman'
[0067.43] Log: --- LOADING MOVIE TIME: 3.53 sec ---
[0073.53] Log: Closing by request
[0073.53] Log: appRequestExit(0)
[0073.68] Exit: Preparing to exit.
[0073.98] Exit: Game engine shut down
[0074.57] Exit: Windows client shut down
[0074.58] Exit: XAudio2 Device shut down.
[0074.73] Exit: AK Audio shut down.
[0074.93] Exit: Object subsystem successfully closed.
[0074.94] Log: Shutting down FaceFX...
[0074.94] Log: FaceFX shutdown.
[0074.99] Exit: Exiting.
[0075.00] Log: Log file closed, 12/10/19 23:24:27
