Log: Log file open, 12/10/19 23:08:44
Init: WinSock: version 1.1 (2.2), MaxSocks=32767, MaxUdp=65467
Log:  ... running in INSTALLED mode
DevConfig: GConfig::Find has loaded file:  ..\..\Engine\Config\ConsoleVariables.ini
Init: Version: 12046
Init: Compiled (64-bit - Shipping): Apr 29 2014 14:14:59
Init: Changelist: 22533
Init: Command line: -installed -seekfreeloadingpcconsole
Init: Base directory: C:\Program Files (x86)\R.G. Mechanics\Outlast\Binaries\Win64\
Init: Executable: OLGame
[0000.33] Init: Computer: GFGDTTCE0013
[0000.33] Init: User: GauravBharti
[0000.33] Init: CPU Page size=4096, Processors=4
[0000.33] Init: High frequency timer resolution =10.000000 MHz
[0000.33] Init: Memory total: Physical=7.9GB (7GB approx) Pagefile=9.1GB Virtual=131072.0GB
[0000.34] Log: Steam Client API initialized 1
[0000.34] Log: Steam Game Server API initialized 1
[0000.34] Init: Presizing for 33476 objects not considered by GC, pre-allocating 0 bytes.
[0000.34] Init: Object subsystem initialized
[0000.34] Log: CachePaths() took 0.00 Seconds
[0000.38] Log: Using D3D9 device (0): Intel(R) HD Graphics 620
[0000.38] Log: Shader platform (RHI): PC-D3D-SM3
[0000.47] Log: PhysX GPU Support: DISABLED
[0009.71] Log: 60396 objects as part of root set at end of initial load.
[0009.71] Log: 0 out of 0 bytes used by permanent object pool.
[0009.71] Log: Initializing Engine...
[0009.87] Log: Wwise(R) SDK Version 2013.2.3 Build 4833. Copyright (c) 2006-2012 Audiokinetic Inc. / All Rights Reserved.
[0013.19] Log: Initializing Steamworks
[0013.21] Log: Logged in as 'RLD!'
[0013.39] Warning: Warning, Failed to load 'Class None.': Failed to find object 'Class None.'
[0013.39] Warning: Warning, Failed to find object 'Class None.'
[0013.39] Warning: Warning, Failed to load 'Class None.': Failed to find object 'Class None.'
[0013.39] Warning: Warning, Failed to find object 'Class None.'
[0013.39] Warning: Warning, Failed to load 'Class None.': Failed to find object 'Class None.'
[0013.39] Warning: Warning, Failed to find object 'Class None.'
[0013.39] Warning: Warning, Failed to load 'Class None.': Failed to find object 'Class None.'
[0013.39] Warning: Warning, Failed to find object 'Class None.'
[0013.40] Log: Found DLC CookedPCConsoleDLC
[0013.41] Log:  - Found 153 package files
[0013.42] Log:  - Found 198 content files
[0013.42] Log: Loading guid cache GuidCache_dlc1
[0013.44] DevDlc: Caching file: SB_DLC_VO_AI_Cannibal/..\..\OLGame\CookedPCConsoleDLC\English(US)\SB_DLC_VO_AI_Cannibal.bnk
[0013.44] DevDlc: Caching file: SB_DLC_VO_AI_Cannibal/..\..\OLGame\CookedPCConsoleDLC\English(US)\SB_DLC_VO_AI_Cannibal.txt
[0013.44] DevDlc: Caching file: SB_DLC_VO_AI_DDenis/..\..\OLGame\CookedPCConsoleDLC\English(US)\SB_DLC_VO_AI_DDenis.bnk
[0013.44] DevDlc: Caching file: SB_DLC_VO_AI_DDenis/..\..\OLGame\CookedPCConsoleDLC\English(US)\SB_DLC_VO_AI_DDenis.txt
[0013.44] DevDlc: Caching file: SB_DLC_VO_AI_Groom/..\..\OLGame\CookedPCConsoleDLC\English(US)\SB_DLC_VO_AI_Groom.bnk
[0013.44] DevDlc: Caching file: SB_DLC_VO_AI_Groom/..\..\OLGame\CookedPCConsoleDLC\English(US)\SB_DLC_VO_AI_Groom.txt
[0013.44] DevDlc: Caching file: SB_DLC_VO_AI_PATMANIC/..\..\OLGame\CookedPCConsoleDLC\English(US)\SB_DLC_VO_AI_PATMANIC.bnk
[0013.44] DevDlc: Caching file: SB_DLC_VO_AI_PATMANIC/..\..\OLGame\CookedPCConsoleDLC\English(US)\SB_DLC_VO_AI_PATMANIC.txt
[0013.44] DevDlc: Caching file: SB_DLC_VO_AI_PATSOCIO/..\..\OLGame\CookedPCConsoleDLC\English(US)\SB_DLC_VO_AI_PATSOCIO.bnk
[0013.44] DevDlc: Caching file: SB_DLC_VO_AI_PATSOCIO/..\..\OLGame\CookedPCConsoleDLC\English(US)\SB_DLC_VO_AI_PATSOCIO.txt
[0013.44] DevDlc: Caching file: SB_DLC_VO_AI_PATTERR/..\..\OLGame\CookedPCConsoleDLC\English(US)\SB_DLC_VO_AI_PATTERR.bnk
[0013.44] DevDlc: Caching file: SB_DLC_VO_AI_PATTERR/..\..\OLGame\CookedPCConsoleDLC\English(US)\SB_DLC_VO_AI_PATTERR.txt
[0013.44] DevDlc: Caching file: SB_DLC_VO_AI_SCICALM/..\..\OLGame\CookedPCConsoleDLC\English(US)\SB_DLC_VO_AI_SCICALM.bnk
[0013.44] DevDlc: Caching file: SB_DLC_VO_AI_SCICALM/..\..\OLGame\CookedPCConsoleDLC\English(US)\SB_DLC_VO_AI_SCICALM.txt
[0013.44] DevDlc: Caching file: SB_DLC_VO_AI_SCITERRI/..\..\OLGame\CookedPCConsoleDLC\English(US)\SB_DLC_VO_AI_SCITERRI.bnk
[0013.44] DevDlc: Caching file: SB_DLC_VO_AI_SCITERRI/..\..\OLGame\CookedPCConsoleDLC\English(US)\SB_DLC_VO_AI_SCITERRI.txt
[0013.44] DevDlc: Caching file: SB_DLC_VO_SE_Blaire_AdminRev/..\..\OLGame\CookedPCConsoleDLC\English(US)\SB_DLC_VO_SE_Blaire_AdminRev.bnk
[0013.44] DevDlc: Caching file: SB_DLC_VO_SE_Blaire_AdminRev/..\..\OLGame\CookedPCConsoleDLC\English(US)\SB_DLC_VO_SE_Blaire_AdminRev.txt
[0013.44] DevDlc: Caching file: SB_DLC_VO_SE_Blaire_Lab/..\..\OLGame\CookedPCConsoleDLC\English(US)\SB_DLC_VO_SE_Blaire_Lab.bnk
[0013.44] DevDlc: Caching file: SB_DLC_VO_SE_Blaire_Lab/..\..\OLGame\CookedPCConsoleDLC\English(US)\SB_DLC_VO_SE_Blaire_Lab.txt
[0013.44] DevDlc: Caching file: SB_DLC_VO_SE_Blaire_Prison/..\..\OLGame\CookedPCConsoleDLC\English(US)\SB_DLC_VO_SE_Blaire_Prison.bnk
[0013.44] DevDlc: Caching file: SB_DLC_VO_SE_Blaire_Prison/..\..\OLGame\CookedPCConsoleDLC\English(US)\SB_DLC_VO_SE_Blaire_Prison.txt
[0013.44] DevDlc: Caching file: SB_DLC_VO_SE_Cannibal_Build1/..\..\OLGame\CookedPCConsoleDLC\English(US)\SB_DLC_VO_SE_Cannibal_Build1.bnk
[0013.44] DevDlc: Caching file: SB_DLC_VO_SE_Cannibal_Build1/..\..\OLGame\CookedPCConsoleDLC\English(US)\SB_DLC_VO_SE_Cannibal_Build1.txt
[0013.44] DevDlc: Caching file: SB_DLC_VO_SE_DDenis_Attic/..\..\OLGame\CookedPCConsoleDLC\English(US)\SB_DLC_VO_SE_DDenis_Attic.bnk
[0013.44] DevDlc: Caching file: SB_DLC_VO_SE_DDenis_Attic/..\..\OLGame\CookedPCConsoleDLC\English(US)\SB_DLC_VO_SE_DDenis_Attic.txt
[0013.44] DevDlc: Caching file: SB_DLC_VO_SE_FMartin/..\..\OLGame\CookedPCConsoleDLC\English(US)\SB_DLC_VO_SE_FMartin.bnk
[0013.44] DevDlc: Caching file: SB_DLC_VO_SE_FMartin/..\..\OLGame\CookedPCConsoleDLC\English(US)\SB_DLC_VO_SE_FMartin.txt
[0013.44] DevDlc: Caching file: SB_DLC_VO_SE_Groom_Build2/..\..\OLGame\CookedPCConsoleDLC\English(US)\SB_DLC_VO_SE_Groom_Build2.bnk
[0013.44] DevDlc: Caching file: SB_DLC_VO_SE_Groom_Build2/..\..\OLGame\CookedPCConsoleDLC\English(US)\SB_DLC_VO_SE_Groom_Build2.txt
[0013.44] DevDlc: Caching file: SB_DLC_VO_SE_Groom_Lab/..\..\OLGame\CookedPCConsoleDLC\English(US)\SB_DLC_VO_SE_Groom_Lab.bnk
[0013.44] DevDlc: Caching file: SB_DLC_VO_SE_Groom_Lab/..\..\OLGame\CookedPCConsoleDLC\English(US)\SB_DLC_VO_SE_Groom_Lab.txt
[0013.44] DevDlc: Caching file: SB_DLC_VO_SE_Guard_AdminRev/..\..\OLGame\CookedPCConsoleDLC\English(US)\SB_DLC_VO_SE_Guard_AdminRev.bnk
[0013.44] DevDlc: Caching file: SB_DLC_VO_SE_Guard_AdminRev/..\..\OLGame\CookedPCConsoleDLC\English(US)\SB_DLC_VO_SE_Guard_AdminRev.txt
[0013.44] DevDlc: Caching file: SB_DLC_VO_SE_Guard_Build1/..\..\OLGame\CookedPCConsoleDLC\English(US)\SB_DLC_VO_SE_Guard_Build1.bnk
[0013.44] DevDlc: Caching file: SB_DLC_VO_SE_Guard_Build1/..\..\OLGame\CookedPCConsoleDLC\English(US)\SB_DLC_VO_SE_Guard_Build1.txt
[0013.44] DevDlc: Caching file: SB_DLC_VO_SE_Guard_Lab/..\..\OLGame\CookedPCConsoleDLC\English(US)\SB_DLC_VO_SE_Guard_Lab.bnk
[0013.44] DevDlc: Caching file: SB_DLC_VO_SE_Guard_Lab/..\..\OLGame\CookedPCConsoleDLC\English(US)\SB_DLC_VO_SE_Guard_Lab.txt
[0013.44] DevDlc: Caching file: SB_DLC_VO_SE_Guard_MaleWard/..\..\OLGame\CookedPCConsoleDLC\English(US)\SB_DLC_VO_SE_Guard_MaleWard.bnk
[0013.44] DevDlc: Caching file: SB_DLC_VO_SE_Guard_MaleWard/..\..\OLGame\CookedPCConsoleDLC\English(US)\SB_DLC_VO_SE_Guard_MaleWard.txt
[0013.44] DevDlc: Caching file: SB_DLC_VO_SE_Guard_PrisonRev/..\..\OLGame\CookedPCConsoleDLC\English(US)\SB_DLC_VO_SE_Guard_PrisonRev.bnk
[0013.44] DevDlc: Caching file: SB_DLC_VO_SE_Guard_PrisonRev/..\..\OLGame\CookedPCConsoleDLC\English(US)\SB_DLC_VO_SE_Guard_PrisonRev.txt
[0013.44] DevDlc: Caching file: SB_DLC_VO_SE_Julian/..\..\OLGame\CookedPCConsoleDLC\English(US)\SB_DLC_VO_SE_Julian.bnk
[0013.44] DevDlc: Caching file: SB_DLC_VO_SE_Julian/..\..\OLGame\CookedPCConsoleDLC\English(US)\SB_DLC_VO_SE_Julian.txt
[0013.44] DevDlc: Caching file: SB_DLC_VO_SE_Patients_Build1/..\..\OLGame\CookedPCConsoleDLC\English(US)\SB_DLC_VO_SE_Patients_Build1.bnk
[0013.44] DevDlc: Caching file: SB_DLC_VO_SE_Patients_Build1/..\..\OLGame\CookedPCConsoleDLC\English(US)\SB_DLC_VO_SE_Patients_Build1.txt
[0013.44] DevDlc: Caching file: SB_DLC_VO_SE_Patients_Build2/..\..\OLGame\CookedPCConsoleDLC\English(US)\SB_DLC_VO_SE_Patients_Build2.bnk
[0013.44] DevDlc: Caching file: SB_DLC_VO_SE_Patients_Build2/..\..\OLGame\CookedPCConsoleDLC\English(US)\SB_DLC_VO_SE_Patients_Build2.txt
[0013.44] DevDlc: Caching file: SB_DLC_VO_SE_Patients_PrisonRev/..\..\OLGame\CookedPCConsoleDLC\English(US)\SB_DLC_VO_SE_Patients_PrisonRev.bnk
[0013.44] DevDlc: Caching file: SB_DLC_VO_SE_Patients_PrisonRev/..\..\OLGame\CookedPCConsoleDLC\English(US)\SB_DLC_VO_SE_Patients_PrisonRev.txt
[0013.44] DevDlc: Caching file: SB_DLC_VO_SE_SCI_Build1/..\..\OLGame\CookedPCConsoleDLC\English(US)\SB_DLC_VO_SE_SCI_Build1.bnk
[0013.44] DevDlc: Caching file: SB_DLC_VO_SE_SCI_Build1/..\..\OLGame\CookedPCConsoleDLC\English(US)\SB_DLC_VO_SE_SCI_Build1.txt
[0013.44] DevDlc: Caching file: SB_DLC_VO_SE_SCI_Build2/..\..\OLGame\CookedPCConsoleDLC\English(US)\SB_DLC_VO_SE_SCI_Build2.bnk
[0013.44] DevDlc: Caching file: SB_DLC_VO_SE_SCI_Build2/..\..\OLGame\CookedPCConsoleDLC\English(US)\SB_DLC_VO_SE_SCI_Build2.txt
[0013.44] DevDlc: Caching file: SB_DLC_VO_SE_SCI_Lab/..\..\OLGame\CookedPCConsoleDLC\English(US)\SB_DLC_VO_SE_SCI_Lab.bnk
[0013.44] DevDlc: Caching file: SB_DLC_VO_SE_SCI_Lab/..\..\OLGame\CookedPCConsoleDLC\English(US)\SB_DLC_VO_SE_SCI_Lab.txt
[0013.44] DevDlc: Caching file: WwiseDefaultBank_Amb_Interior_01/..\..\OLGame\CookedPCConsoleDLC\English(US)\WwiseDefaultBank_Amb_Interior_01.txt
[0013.44] DevDlc: Caching file: WwiseDefaultBank_VO_ACT1_Various/..\..\OLGame\CookedPCConsoleDLC\English(US)\WwiseDefaultBank_VO_ACT1_Various.bnk
[0013.44] DevDlc: Caching file: WwiseDefaultBank_VO_ACT1_Various/..\..\OLGame\CookedPCConsoleDLC\English(US)\WwiseDefaultBank_VO_ACT1_Various.txt
[0013.44] DevDlc: Caching file: WwiseDefaultBank_VO_ACT3_Various/..\..\OLGame\CookedPCConsoleDLC\English(US)\WwiseDefaultBank_VO_ACT3_Various.bnk
[0013.44] DevDlc: Caching file: WwiseDefaultBank_VO_ACT3_Various/..\..\OLGame\CookedPCConsoleDLC\English(US)\WwiseDefaultBank_VO_ACT3_Various.txt
[0013.44] DevDlc: Caching file: WwiseDefaultBank_VO_Patient_Admin_Block_2/..\..\OLGame\CookedPCConsoleDLC\English(US)\WwiseDefaultBank_VO_Patient_Admin_Block_2.bnk
[0013.44] DevDlc: Caching file: WwiseDefaultBank_VO_Patient_Admin_Block_2/..\..\OLGame\CookedPCConsoleDLC\English(US)\WwiseDefaultBank_VO_Patient_Admin_Block_2.txt
[0013.44] DevDlc: Caching file: WwiseDefaultBank_VO_Patient_AI/..\..\OLGame\CookedPCConsoleDLC\English(US)\WwiseDefaultBank_VO_Patient_AI.bnk
[0013.44] DevDlc: Caching file: WwiseDefaultBank_VO_Patient_AI/..\..\OLGame\CookedPCConsoleDLC\English(US)\WwiseDefaultBank_VO_Patient_AI.txt
[0013.44] DevDlc: Caching file: WwiseDefaultBank_VO_Patient_Ext_Courtyard/..\..\OLGame\CookedPCConsoleDLC\English(US)\WwiseDefaultBank_VO_Patient_Ext_Courtyard.bnk
[0013.44] DevDlc: Caching file: WwiseDefaultBank_VO_Patient_Ext_Courtyard/..\..\OLGame\CookedPCConsoleDLC\English(US)\WwiseDefaultBank_VO_Patient_Ext_Courtyard.txt
[0013.44] DevDlc: Caching file: WwiseDefaultBank_VO_Patient_Female_Ward/..\..\OLGame\CookedPCConsoleDLC\English(US)\WwiseDefaultBank_VO_Patient_Female_Ward.bnk
[0013.44] DevDlc: Caching file: WwiseDefaultBank_VO_Patient_Female_Ward/..\..\OLGame\CookedPCConsoleDLC\English(US)\WwiseDefaultBank_VO_Patient_Female_Ward.txt
[0013.44] DevDlc: Caching file: WwiseDefaultBank_VO_Patient_Male_Ward_Bsmt/..\..\OLGame\CookedPCConsoleDLC\English(US)\WwiseDefaultBank_VO_Patient_Male_Ward_Bsmt.bnk
[0013.44] DevDlc: Caching file: WwiseDefaultBank_VO_Patient_Male_Ward_Bsmt/..\..\OLGame\CookedPCConsoleDLC\English(US)\WwiseDefaultBank_VO_Patient_Male_Ward_Bsmt.txt
[0013.44] DevDlc: Caching file: WwiseDefaultBank_VO_Patient_Male_Ward_Up_Lvls/..\..\OLGame\CookedPCConsoleDLC\English(US)\WwiseDefaultBank_VO_Patient_Male_Ward_Up_Lvls.bnk
[0013.44] DevDlc: Caching file: WwiseDefaultBank_VO_Patient_Male_Ward_Up_Lvls/..\..\OLGame\CookedPCConsoleDLC\English(US)\WwiseDefaultBank_VO_Patient_Male_Ward_Up_Lvls.txt
[0013.44] DevDlc: Caching file: WwiseDefaultBank_VO_Patient_Prison/..\..\OLGame\CookedPCConsoleDLC\English(US)\WwiseDefaultBank_VO_Patient_Prison.bnk
[0013.44] DevDlc: Caching file: WwiseDefaultBank_VO_Patient_Prison/..\..\OLGame\CookedPCConsoleDLC\English(US)\WwiseDefaultBank_VO_Patient_Prison.txt
[0013.44] DevDlc: Caching file: WwiseDefaultBank_VO_Patient_Sewers/..\..\OLGame\CookedPCConsoleDLC\English(US)\WwiseDefaultBank_VO_Patient_Sewers.bnk
[0013.44] DevDlc: Caching file: WwiseDefaultBank_VO_Patient_Sewers/..\..\OLGame\CookedPCConsoleDLC\English(US)\WwiseDefaultBank_VO_Patient_Sewers.txt
[0013.44] DevDlc: Caching file: WwiseDefaultBank_VO_Priest/..\..\OLGame\CookedPCConsoleDLC\English(US)\WwiseDefaultBank_VO_Priest.bnk
[0013.44] DevDlc: Caching file: WwiseDefaultBank_VO_Priest/..\..\OLGame\CookedPCConsoleDLC\English(US)\WwiseDefaultBank_VO_Priest.txt
[0013.44] DevDlc: Caching file: WwiseDefaultBank_VO_Soldier/..\..\OLGame\CookedPCConsoleDLC\English(US)\WwiseDefaultBank_VO_Soldier.bnk
[0013.44] DevDlc: Caching file: WwiseDefaultBank_VO_Soldier/..\..\OLGame\CookedPCConsoleDLC\English(US)\WwiseDefaultBank_VO_Soldier.txt
[0013.44] DevDlc: Caching file: WwiseDefaultBank_VO_Surgeon/..\..\OLGame\CookedPCConsoleDLC\English(US)\WwiseDefaultBank_VO_Surgeon.bnk
[0013.44] DevDlc: Caching file: WwiseDefaultBank_VO_Surgeon/..\..\OLGame\CookedPCConsoleDLC\English(US)\WwiseDefaultBank_VO_Surgeon.txt
[0013.44] DevDlc: Caching file: CharTextures_dlc1/..\..\OLGame\CookedPCConsoleDLC\CharTextures_dlc1.tfc
[0013.44] DevDlc: Caching file: GlobalShaderCache-PC-D3D-SM3/..\..\OLGame\CookedPCConsoleDLC\GlobalShaderCache-PC-D3D-SM3.bin
[0013.44] DevDlc: Caching file: Init/..\..\OLGame\CookedPCConsoleDLC\Init.bnk
[0013.44] DevDlc: Caching file: Init/..\..\OLGame\CookedPCConsoleDLC\Init.txt
[0013.44] DevDlc: Caching file: Lighting_dlc1/..\..\OLGame\CookedPCConsoleDLC\Lighting_dlc1.tfc
[0013.44] DevDlc: Caching file: PersistentCookerShaderData/..\..\OLGame\CookedPCConsoleDLC\PersistentCookerShaderData.bin
[0013.44] DevDlc: Caching file: PluginInfo/..\..\OLGame\CookedPCConsoleDLC\PluginInfo.xml
[0013.44] DevDlc: Caching file: SB_DLC_MU_AdminRev/..\..\OLGame\CookedPCConsoleDLC\SB_DLC_MU_AdminRev.bnk
[0013.44] DevDlc: Caching file: SB_DLC_MU_AdminRev/..\..\OLGame\CookedPCConsoleDLC\SB_DLC_MU_AdminRev.txt
[0013.44] DevDlc: Caching file: SB_DLC_MU_build1/..\..\OLGame\CookedPCConsoleDLC\SB_DLC_MU_build1.bnk
[0013.44] DevDlc: Caching file: SB_DLC_MU_build1/..\..\OLGame\CookedPCConsoleDLC\SB_DLC_MU_build1.txt
[0013.44] DevDlc: Caching file: SB_DLC_MU_Build2/..\..\OLGame\CookedPCConsoleDLC\SB_DLC_MU_Build2.bnk
[0013.44] DevDlc: Caching file: SB_DLC_MU_Build2/..\..\OLGame\CookedPCConsoleDLC\SB_DLC_MU_Build2.txt
[0013.44] DevDlc: Caching file: SB_DLC_MU_Denis/..\..\OLGame\CookedPCConsoleDLC\SB_DLC_MU_Denis.bnk
[0013.44] DevDlc: Caching file: SB_DLC_MU_Denis/..\..\OLGame\CookedPCConsoleDLC\SB_DLC_MU_Denis.txt
[0013.44] DevDlc: Caching file: SB_DLC_MU_Groom/..\..\OLGame\CookedPCConsoleDLC\SB_DLC_MU_Groom.bnk
[0013.44] DevDlc: Caching file: SB_DLC_MU_Groom/..\..\OLGame\CookedPCConsoleDLC\SB_DLC_MU_Groom.txt
[0013.44] DevDlc: Caching file: SB_DLC_MU_Maleward/..\..\OLGame\CookedPCConsoleDLC\SB_DLC_MU_Maleward.bnk
[0013.44] DevDlc: Caching file: SB_DLC_MU_Maleward/..\..\OLGame\CookedPCConsoleDLC\SB_DLC_MU_Maleward.txt
[0013.44] DevDlc: Caching file: SB_DLC_MU_Prison/..\..\OLGame\CookedPCConsoleDLC\SB_DLC_MU_Prison.bnk
[0013.44] DevDlc: Caching file: SB_DLC_MU_Prison/..\..\OLGame\CookedPCConsoleDLC\SB_DLC_MU_Prison.txt
[0013.44] DevDlc: Caching file: SB_DLC_MU_Stingers/..\..\OLGame\CookedPCConsoleDLC\SB_DLC_MU_Stingers.bnk
[0013.44] DevDlc: Caching file: SB_DLC_MU_Stingers/..\..\OLGame\CookedPCConsoleDLC\SB_DLC_MU_Stingers.txt
[0013.44] DevDlc: Caching file: SB_DLC_States/..\..\OLGame\CookedPCConsoleDLC\SB_DLC_States.bnk
[0013.44] DevDlc: Caching file: SB_DLC_States/..\..\OLGame\CookedPCConsoleDLC\SB_DLC_States.txt
[0013.44] DevDlc: Caching file: SoundbanksInfo/..\..\OLGame\CookedPCConsoleDLC\SoundbanksInfo.xml
[0013.44] DevDlc: Caching file: Textures_dlc1/..\..\OLGame\CookedPCConsoleDLC\Textures_dlc1.tfc
[0013.44] DevDlc: Caching file: WwiseDefaultBank_Amb_Basement/..\..\OLGame\CookedPCConsoleDLC\WwiseDefaultBank_Amb_Basement.bnk
[0013.44] DevDlc: Caching file: WwiseDefaultBank_Amb_Basement/..\..\OLGame\CookedPCConsoleDLC\WwiseDefaultBank_Amb_Basement.txt
[0013.44] DevDlc: Caching file: WwiseDefaultBank_Amb_Courtyard/..\..\OLGame\CookedPCConsoleDLC\WwiseDefaultBank_Amb_Courtyard.bnk
[0013.44] DevDlc: Caching file: WwiseDefaultBank_Amb_Courtyard/..\..\OLGame\CookedPCConsoleDLC\WwiseDefaultBank_Amb_Courtyard.txt
[0013.44] DevDlc: Caching file: WwiseDefaultBank_Amb_Exterior/..\..\OLGame\CookedPCConsoleDLC\WwiseDefaultBank_Amb_Exterior.bnk
[0013.44] DevDlc: Caching file: WwiseDefaultBank_Amb_Exterior/..\..\OLGame\CookedPCConsoleDLC\WwiseDefaultBank_Amb_Exterior.txt
[0013.44] DevDlc: Caching file: WwiseDefaultBank_Amb_FemaleWard/..\..\OLGame\CookedPCConsoleDLC\WwiseDefaultBank_Amb_FemaleWard.bnk
[0013.44] DevDlc: Caching file: WwiseDefaultBank_Amb_FemaleWard/..\..\OLGame\CookedPCConsoleDLC\WwiseDefaultBank_Amb_FemaleWard.txt
[0013.44] DevDlc: Caching file: WwiseDefaultBank_Amb_Generic/..\..\OLGame\CookedPCConsoleDLC\WwiseDefaultBank_Amb_Generic.bnk
[0013.44] DevDlc: Caching file: WwiseDefaultBank_Amb_Generic/..\..\OLGame\CookedPCConsoleDLC\WwiseDefaultBank_Amb_Generic.txt
[0013.44] DevDlc: Caching file: WwiseDefaultBank_Amb_Interior_01/..\..\OLGame\CookedPCConsoleDLC\WwiseDefaultBank_Amb_Interior_01.bnk
[0013.44] DevDlc: Caching file: WwiseDefaultBank_Amb_Interior_01/..\..\OLGame\CookedPCConsoleDLC\WwiseDefaultBank_Amb_Interior_01.txt
[0013.44] DevDlc: Caching file: WwiseDefaultBank_Amb_Labo/..\..\OLGame\CookedPCConsoleDLC\WwiseDefaultBank_Amb_Labo.bnk
[0013.44] DevDlc: Caching file: WwiseDefaultBank_Amb_Labo/..\..\OLGame\CookedPCConsoleDLC\WwiseDefaultBank_Amb_Labo.txt
[0013.44] DevDlc: Caching file: WwiseDefaultBank_Amb_Male_Ward/..\..\OLGame\CookedPCConsoleDLC\WwiseDefaultBank_Amb_Male_Ward.bnk
[0013.44] DevDlc: Caching file: WwiseDefaultBank_Amb_Male_Ward/..\..\OLGame\CookedPCConsoleDLC\WwiseDefaultBank_Amb_Male_Ward.txt
[0013.44] DevDlc: Caching file: WwiseDefaultBank_Amb_Prison_01/..\..\OLGame\CookedPCConsoleDLC\WwiseDefaultBank_Amb_Prison_01.bnk
[0013.44] DevDlc: Caching file: WwiseDefaultBank_Amb_Prison_01/..\..\OLGame\CookedPCConsoleDLC\WwiseDefaultBank_Amb_Prison_01.txt
[0013.44] DevDlc: Caching file: WwiseDefaultBank_Amb_Sewer/..\..\OLGame\CookedPCConsoleDLC\WwiseDefaultBank_Amb_Sewer.bnk
[0013.44] DevDlc: Caching file: WwiseDefaultBank_Amb_Sewer/..\..\OLGame\CookedPCConsoleDLC\WwiseDefaultBank_Amb_Sewer.txt
[0013.44] DevDlc: Caching file: WwiseDefaultBank_DLC_AMB_Attic/..\..\OLGame\CookedPCConsoleDLC\WwiseDefaultBank_DLC_AMB_Attic.bnk
[0013.44] DevDlc: Caching file: WwiseDefaultBank_DLC_AMB_Attic/..\..\OLGame\CookedPCConsoleDLC\WwiseDefaultBank_DLC_AMB_Attic.txt
[0013.44] DevDlc: Caching file: WwiseDefaultBank_DLC_AMB_Build1/..\..\OLGame\CookedPCConsoleDLC\WwiseDefaultBank_DLC_AMB_Build1.bnk
[0013.44] DevDlc: Caching file: WwiseDefaultBank_DLC_AMB_Build1/..\..\OLGame\CookedPCConsoleDLC\WwiseDefaultBank_DLC_AMB_Build1.txt
[0013.44] DevDlc: Caching file: WwiseDefaultBank_DLC_AMB_Build2/..\..\OLGame\CookedPCConsoleDLC\WwiseDefaultBank_DLC_AMB_Build2.bnk
[0013.44] DevDlc: Caching file: WwiseDefaultBank_DLC_AMB_Build2/..\..\OLGame\CookedPCConsoleDLC\WwiseDefaultBank_DLC_AMB_Build2.txt
[0013.44] DevDlc: Caching file: WwiseDefaultBank_DLC_AMB_Ext/..\..\OLGame\CookedPCConsoleDLC\WwiseDefaultBank_DLC_AMB_Ext.bnk
[0013.44] DevDlc: Caching file: WwiseDefaultBank_DLC_AMB_Ext/..\..\OLGame\CookedPCConsoleDLC\WwiseDefaultBank_DLC_AMB_Ext.txt
[0013.44] DevDlc: Caching file: WwiseDefaultBank_DLC_AMB_Lab/..\..\OLGame\CookedPCConsoleDLC\WwiseDefaultBank_DLC_AMB_Lab.bnk
[0013.44] DevDlc: Caching file: WwiseDefaultBank_DLC_AMB_Lab/..\..\OLGame\CookedPCConsoleDLC\WwiseDefaultBank_DLC_AMB_Lab.txt
[0013.44] DevDlc: Caching file: WwiseDefaultBank_DLC_CIN_AdminRev/..\..\OLGame\CookedPCConsoleDLC\WwiseDefaultBank_DLC_CIN_AdminRev.bnk
[0013.44] DevDlc: Caching file: WwiseDefaultBank_DLC_CIN_AdminRev/..\..\OLGame\CookedPCConsoleDLC\WwiseDefaultBank_DLC_CIN_AdminRev.txt
[0013.44] DevDlc: Caching file: WwiseDefaultBank_DLC_CIN_Build1/..\..\OLGame\CookedPCConsoleDLC\WwiseDefaultBank_DLC_CIN_Build1.bnk
[0013.44] DevDlc: Caching file: WwiseDefaultBank_DLC_CIN_Build1/..\..\OLGame\CookedPCConsoleDLC\WwiseDefaultBank_DLC_CIN_Build1.txt
[0013.44] DevDlc: Caching file: WwiseDefaultBank_DLC_CIN_Build2/..\..\OLGame\CookedPCConsoleDLC\WwiseDefaultBank_DLC_CIN_Build2.bnk
[0013.44] DevDlc: Caching file: WwiseDefaultBank_DLC_CIN_Build2/..\..\OLGame\CookedPCConsoleDLC\WwiseDefaultBank_DLC_CIN_Build2.txt
[0013.44] DevDlc: Caching file: WwiseDefaultBank_DLC_CIN_Lab/..\..\OLGame\CookedPCConsoleDLC\WwiseDefaultBank_DLC_CIN_Lab.bnk
[0013.44] DevDlc: Caching file: WwiseDefaultBank_DLC_CIN_Lab/..\..\OLGame\CookedPCConsoleDLC\WwiseDefaultBank_DLC_CIN_Lab.txt
[0013.44] DevDlc: Caching file: WwiseDefaultBank_DLC_CIN_Prison/..\..\OLGame\CookedPCConsoleDLC\WwiseDefaultBank_DLC_CIN_Prison.bnk
[0013.44] DevDlc: Caching file: WwiseDefaultBank_DLC_CIN_Prison/..\..\OLGame\CookedPCConsoleDLC\WwiseDefaultBank_DLC_CIN_Prison.txt
[0013.44] DevDlc: Caching file: WwiseDefaultBank_DLC_SFX_build1/..\..\OLGame\CookedPCConsoleDLC\WwiseDefaultBank_DLC_SFX_build1.bnk
[0013.44] DevDlc: Caching file: WwiseDefaultBank_DLC_SFX_build1/..\..\OLGame\CookedPCConsoleDLC\WwiseDefaultBank_DLC_SFX_build1.txt
[0013.44] DevDlc: Caching file: WwiseDefaultBank_DLC_SFX_Can/..\..\OLGame\CookedPCConsoleDLC\WwiseDefaultBank_DLC_SFX_Can.bnk
[0013.44] DevDlc: Caching file: WwiseDefaultBank_DLC_SFX_Can/..\..\OLGame\CookedPCConsoleDLC\WwiseDefaultBank_DLC_SFX_Can.txt
[0013.44] DevDlc: Caching file: WwiseDefaultBank_DLC_SFX_generic/..\..\OLGame\CookedPCConsoleDLC\WwiseDefaultBank_DLC_SFX_generic.bnk
[0013.44] DevDlc: Caching file: WwiseDefaultBank_DLC_SFX_generic/..\..\OLGame\CookedPCConsoleDLC\WwiseDefaultBank_DLC_SFX_generic.txt
[0013.44] DevDlc: Caching file: WwiseDefaultBank_DLC_SFX_Impacts/..\..\OLGame\CookedPCConsoleDLC\WwiseDefaultBank_DLC_SFX_Impacts.bnk
[0013.44] DevDlc: Caching file: WwiseDefaultBank_DLC_SFX_Impacts/..\..\OLGame\CookedPCConsoleDLC\WwiseDefaultBank_DLC_SFX_Impacts.txt
[0013.44] DevDlc: Caching file: WwiseDefaultBank_DLC_VO_AI_Cannibal_Build1/..\..\OLGame\CookedPCConsoleDLC\WwiseDefaultBank_DLC_VO_AI_Cannibal_Build1.bnk
[0013.44] DevDlc: Caching file: WwiseDefaultBank_DLC_VO_AI_Cannibal_Build1/..\..\OLGame\CookedPCConsoleDLC\WwiseDefaultBank_DLC_VO_AI_Cannibal_Build1.txt
[0013.44] DevDlc: Caching file: WwiseDefaultBank_General_Sound/..\..\OLGame\CookedPCConsoleDLC\WwiseDefaultBank_General_Sound.bnk
[0013.44] DevDlc: Caching file: WwiseDefaultBank_General_Sound/..\..\OLGame\CookedPCConsoleDLC\WwiseDefaultBank_General_Sound.txt
[0013.44] DevDlc: Caching file: WwiseDefaultBank_Intro_Logo/..\..\OLGame\CookedPCConsoleDLC\WwiseDefaultBank_Intro_Logo.bnk
[0013.44] DevDlc: Caching file: WwiseDefaultBank_Intro_Logo/..\..\OLGame\CookedPCConsoleDLC\WwiseDefaultBank_Intro_Logo.txt
[0013.44] DevDlc: Caching file: WwiseDefaultBank_Menu/..\..\OLGame\CookedPCConsoleDLC\WwiseDefaultBank_Menu.bnk
[0013.44] DevDlc: Caching file: WwiseDefaultBank_Menu/..\..\OLGame\CookedPCConsoleDLC\WwiseDefaultBank_Menu.txt
[0013.44] DevDlc: Caching file: WwiseDefaultBank_Music_Admin_Revisit/..\..\OLGame\CookedPCConsoleDLC\WwiseDefaultBank_Music_Admin_Revisit.bnk
[0013.44] DevDlc: Caching file: WwiseDefaultBank_Music_Admin_Revisit/..\..\OLGame\CookedPCConsoleDLC\WwiseDefaultBank_Music_Admin_Revisit.txt
[0013.44] DevDlc: Caching file: WwiseDefaultBank_Music_Courtyard/..\..\OLGame\CookedPCConsoleDLC\WwiseDefaultBank_Music_Courtyard.bnk
[0013.44] DevDlc: Caching file: WwiseDefaultBank_Music_Courtyard/..\..\OLGame\CookedPCConsoleDLC\WwiseDefaultBank_Music_Courtyard.txt
[0013.44] DevDlc: Caching file: WwiseDefaultBank_Music_Exterior/..\..\OLGame\CookedPCConsoleDLC\WwiseDefaultBank_Music_Exterior.bnk
[0013.44] DevDlc: Caching file: WwiseDefaultBank_Music_Exterior/..\..\OLGame\CookedPCConsoleDLC\WwiseDefaultBank_Music_Exterior.txt
[0013.44] DevDlc: Caching file: WwiseDefaultBank_Music_FemaleWard/..\..\OLGame\CookedPCConsoleDLC\WwiseDefaultBank_Music_FemaleWard.bnk
[0013.44] DevDlc: Caching file: WwiseDefaultBank_Music_FemaleWard/..\..\OLGame\CookedPCConsoleDLC\WwiseDefaultBank_Music_FemaleWard.txt
[0013.44] DevDlc: Caching file: WwiseDefaultBank_Music_Interior/..\..\OLGame\CookedPCConsoleDLC\WwiseDefaultBank_Music_Interior.bnk
[0013.44] DevDlc: Caching file: WwiseDefaultBank_Music_Interior/..\..\OLGame\CookedPCConsoleDLC\WwiseDefaultBank_Music_Interior.txt
[0013.44] DevDlc: Caching file: WwiseDefaultBank_Music_Labo/..\..\OLGame\CookedPCConsoleDLC\WwiseDefaultBank_Music_Labo.bnk
[0013.44] DevDlc: Caching file: WwiseDefaultBank_Music_Labo/..\..\OLGame\CookedPCConsoleDLC\WwiseDefaultBank_Music_Labo.txt
[0013.44] DevDlc: Caching file: WwiseDefaultBank_Music_MaleWard/..\..\OLGame\CookedPCConsoleDLC\WwiseDefaultBank_Music_MaleWard.bnk
[0013.44] DevDlc: Caching file: WwiseDefaultBank_Music_MaleWard/..\..\OLGame\CookedPCConsoleDLC\WwiseDefaultBank_Music_MaleWard.txt
[0013.44] DevDlc: Caching file: WwiseDefaultBank_Music_Prison/..\..\OLGame\CookedPCConsoleDLC\WwiseDefaultBank_Music_Prison.bnk
[0013.44] DevDlc: Caching file: WwiseDefaultBank_Music_Prison/..\..\OLGame\CookedPCConsoleDLC\WwiseDefaultBank_Music_Prison.txt
[0013.44] DevDlc: Caching file: WwiseDefaultBank_Music_Sewer/..\..\OLGame\CookedPCConsoleDLC\WwiseDefaultBank_Music_Sewer.bnk
[0013.44] DevDlc: Caching file: WwiseDefaultBank_Music_Sewer/..\..\OLGame\CookedPCConsoleDLC\WwiseDefaultBank_Music_Sewer.txt
[0013.44] DevDlc: Caching file: WwiseDefaultBank_NPCs_Sounds/..\..\OLGame\CookedPCConsoleDLC\WwiseDefaultBank_NPCs_Sounds.bnk
[0013.44] DevDlc: Caching file: WwiseDefaultBank_NPCs_Sounds/..\..\OLGame\CookedPCConsoleDLC\WwiseDefaultBank_NPCs_Sounds.txt
[0013.44] DevDlc: Caching file: WwiseDefaultBank_Player_Sound/..\..\OLGame\CookedPCConsoleDLC\WwiseDefaultBank_Player_Sound.bnk
[0013.44] DevDlc: Caching file: WwiseDefaultBank_Player_Sound/..\..\OLGame\CookedPCConsoleDLC\WwiseDefaultBank_Player_Sound.txt
[0013.44] DevDlc: Caching file: WwiseDefaultBank_Reverb/..\..\OLGame\CookedPCConsoleDLC\WwiseDefaultBank_Reverb.bnk
[0013.44] DevDlc: Caching file: WwiseDefaultBank_Reverb/..\..\OLGame\CookedPCConsoleDLC\WwiseDefaultBank_Reverb.txt
[0013.44] DevDlc: Caching file: WwiseDefaultBank_SFX/..\..\OLGame\CookedPCConsoleDLC\WwiseDefaultBank_SFX.bnk
[0013.44] DevDlc: Caching file: WwiseDefaultBank_SFX/..\..\OLGame\CookedPCConsoleDLC\WwiseDefaultBank_SFX.txt
[0013.44] DevDlc: Caching file: WwiseDefaultBank_Soldier_Snd/..\..\OLGame\CookedPCConsoleDLC\WwiseDefaultBank_Soldier_Snd.bnk
[0013.44] DevDlc: Caching file: WwiseDefaultBank_Soldier_Snd/..\..\OLGame\CookedPCConsoleDLC\WwiseDefaultBank_Soldier_Snd.txt
[0013.44] DevDlc: Caching file: WwiseDefaultBank_Swarm_Sound/..\..\OLGame\CookedPCConsoleDLC\WwiseDefaultBank_Swarm_Sound.bnk
[0013.44] DevDlc: Caching file: WwiseDefaultBank_Swarm_Sound/..\..\OLGame\CookedPCConsoleDLC\WwiseDefaultBank_Swarm_Sound.txt
[0013.44] DevDlc: Caching file: WwiseDefaultBank_VO_Miles/..\..\OLGame\CookedPCConsoleDLC\WwiseDefaultBank_VO_Miles.bnk
[0013.44] DevDlc: Caching file: WwiseDefaultBank_VO_Miles/..\..\OLGame\CookedPCConsoleDLC\WwiseDefaultBank_VO_Miles.txt
[0013.44] Log: DLC installed successfully
[0013.45] Log: LoadMap: DLC_Intro_Persistent?Name=Player?Team=255
[0013.47] Log: Game class is 'OLGame'
[0013.49] Log: Primary PhysX scene will be in software.
[0013.49] Log: Creating Primary PhysX Scene.
[0013.50] Log: *** WARNING - PATHS MAY NOT BE VALID ***
[0013.50] Log: Bringing World DLC_Intro_Persistent.TheWorld up for play (0) at 2019.12.10-23.08.57
[0013.50] Log: Bringing up level for play took: 0.011191
[0013.50] Log: ### UOLProfileSettings::SetToDefaults()
[0013.58] Log: ### Applying resolution 1280 x 720 (Fullscreen: yes)
[0013.60] Log: Playing DLC - invalid checkpoint but DLC persistent
[0013.61] Error: Can't start an online game that hasn't been created
[0013.98] Error: StartLocalVoiceProcessing(): Device is currently owned by another user
[0013.98] Log: ########### Finished loading level: 0.531859 seconds
[0013.98] Log: Flushing async loaders.
[0014.04] Log: Flushed async loaders.
[0014.04] Log: Initializing Engine Completed
[0015.16] Log: >>>>>>>>>>>>>> Initial startup: 15.16s <<<<<<<<<<<<<<<
[0015.27] Log: Resizing to 1280x720 (fullscreen)
[0015.84] Log: ActivateLevel dlc_mainmenugame 1 1 1
[0015.84] Log: ### Applying resolution 1280 x 720 (Fullscreen: yes)
[0016.14] Log: Don't use 'IsSteamSocketsServer' on non-listen-server clients; crashing
[0016.14] Log: Don't use 'IsSteamSocketsServer' on non-listen-server clients; crashing
[0016.14] Log: Steam game server UID: 85568397216006720
[0016.92] Log: Flushing async loaders.
[0017.03] Log: Flushed async loaders.
[0017.03] Log:  ### --- Resetting level dlc_checkpoints
[0017.03] Log:  ### --- Resetting level x_checkpoints
[0017.03] Log: No Cached BSP Physics Data Found Or Out Of Date - Cooking Now.
[0017.03] Log: COOKEDPHYSICS: BSP 0.00 KB
[0017.04] Log:  ### --- Resetting level dlc_mainmenugame
[0018.05] Log: ### UpdateProfileFromSystemSettings - Current resolution is SR_1280x720 (1280 x 720, fullscreen: yes)
[0018.08] ScriptWarning: Accessed None 'BackButton'
	OLUIFrontEnd_GammaScreen DLC_Intro_Persistent.TheWorld:PersistentLevel.OLHUD_0.OLUIFrontEnd_0.OLUIFrontEnd_GammaScreen_0
	Function OLGame.OLUIFrontEnd_GammaScreen:OnTopMostView:016E
[0018.08] ScriptWarning: Accessed None 'AcceptButton'
	OLUIFrontEnd_GammaScreen DLC_Intro_Persistent.TheWorld:PersistentLevel.OLHUD_0.OLUIFrontEnd_0.OLUIFrontEnd_GammaScreen_0
	Function OLGame.OLUIFrontEnd_GammaScreen:OnTopMostView:018E
[0018.08] ScriptWarning: Accessed None 'AcceptButtonCentred'
	OLUIFrontEnd_GammaScreen DLC_Intro_Persistent.TheWorld:PersistentLevel.OLHUD_0.OLUIFrontEnd_0.OLUIFrontEnd_GammaScreen_0
	Function OLGame.OLUIFrontEnd_GammaScreen:OnTopMostView:01AE
[0018.19] Warning: Warning, Failed to load 'Font None.Times New Roman': Failed to find object 'Font None.Times New Roman'
[0018.19] Warning: Warning, Failed to load 'Font None.Times New Roman': Failed to find object 'Font None.Times New Roman'
[0125.46] Log: ### Applying resolution 1280 x 720 (Fullscreen: yes)
[0152.42] Log: ### Applying resolution 1280 x 720 (Fullscreen: yes)
[0155.05] DevGameState: Resetting GameState
[0186.18] DevGameState: Resetting GameState
[0186.18] Log: Starting at checkpoint "StartGame" - DLC: no
[0186.20] Log: --- LOADING MOVIE START ---
[0186.23] Log: --- SAVING CHECKPOINT "StartGame" ---
[0186.24] Log: Flushing async loaders.
[0186.27] Warning: Warning, Failed to compile Material Instance Asylum_post_process.PostUber.PostUberNoise with Base DefaultMaterial for platform PC-D3D-SM3, Default Material will be used in game.
[0186.27] Log: Flushed async loaders.
[0186.31] Log:  ### --- Resetting level adminblock_persistent
[0186.31] Log:  ### --- Resetting level x_checkpoints
[0186.36] Log: Committed map change via OLEngine Transient.OLEngine_0
[0186.45] Log: Flushing async loaders.
[0191.82] Log: Flushed async loaders.
[0191.82] Log:  ### --- Resetting level skydome_dawn
[0191.86] Log:  ### --- Resetting level asylum_exterior-art
[0191.87] Log:  ### --- Resetting level asylum_exterior-01d
[0191.88] Log:  ### --- Resetting level asylum_exterior-01e
[0191.89] Log: Physics mode for (SkeletalMeshActor_6) is not compatible with TickGroup(0) adjusting
[0191.89] Log:  ### --- Resetting level asylum_exterior-ld
[0191.89] Log:  ### --- Resetting level asylum_exterior_snd
[0192.91] DevGameState: GS - Applying checkpoint StartGame
[0192.91] Log: New master gamestate list found.
[0192.91] Log: New master checkpoint list found.
[0194.92] Log: KISMET: Remote event Car_Ride activated for 2 recipients
[0195.17] Log:  ### --- Resetting level asylum_exterior-01c
[0198.62] Log: KISMET: Remote event Car_Ride activated for 2 recipients
[0198.64] Log: --- LOADING MOVIE TIME: 12.4 sec ---
[0201.55] Log: ### UpdateProfileFromSystemSettings - Current resolution is SR_1280x720 (1280 x 720, fullscreen: yes)
[0201.65] ScriptWarning: Accessed None 'ButtonBar'
	OLUIFrontEnd_PauseMenu DLC_Intro_Persistent.TheWorld:PersistentLevel.OLHUD_0.OLUIFrontEnd_1.OLUIFrontEnd_PauseMenu_1
	Function OLGame.OLUIFrontEnd_PauseMenu:PopulateButtons:0400
[0201.65] ScriptWarning: Accessed None 'ButtonBar'
	OLUIFrontEnd_PauseMenu DLC_Intro_Persistent.TheWorld:PersistentLevel.OLHUD_0.OLUIFrontEnd_1.OLUIFrontEnd_PauseMenu_1
	Function OLGame.OLUIFrontEnd_PauseMenu:PopulateButtons:0436
[0201.68] Warning: Warning, Failed to load 'Font None.Times New Roman': Failed to find object 'Font None.Times New Roman'
[0201.68] Warning: Warning, Failed to load 'Font None.Times New Roman': Failed to find object 'Font None.Times New Roman'
[0209.81] Log: ### Applying resolution 1280 x 720 (Fullscreen: yes)
[0245.86] Log: KISMET: Remote event HideAsylumReveal activated for 1 recipients
[0268.23] Log: KISMET: Remote event Startbirdparticles activated for 1 recipients
[0274.77] Log: ### UpdateProfileFromSystemSettings - Current resolution is SR_1280x720 (1280 x 720, fullscreen: yes)
[0274.91] Warning: Warning, Failed to load 'Font None.Times New Roman': Failed to find object 'Font None.Times New Roman'
[0274.91] Warning: Warning, Failed to load 'Font None.Times New Roman': Failed to find object 'Font None.Times New Roman'
[0274.92] ScriptWarning: Accessed array 'OLUIFrontEnd_Credits_2.ViewStack' out of bounds (-1/0)
	OLUIFrontEnd_Credits DLC_Intro_Persistent.TheWorld:PersistentLevel.OLHUD_0.OLUIFrontEnd_2.OLUIFrontEnd_Credits_2
	Function OLGame.OLUIFrontEnd_Credits:WidgetInitialized:015E
[0275.04] ScriptWarning: Accessed None 'ItemList'
	OLUIFrontEnd_EvidenceList DLC_Intro_Persistent.TheWorld:PersistentLevel.OLHUD_0.OLUIFrontEnd_2.OLUIFrontEnd_EvidenceList_2
	Function OLGame.OLUIFrontEnd_EvidenceList:PopulateItemList:0217
[0275.04] ScriptWarning: Accessed None 'ItemList'
	OLUIFrontEnd_EvidenceList DLC_Intro_Persistent.TheWorld:PersistentLevel.OLHUD_0.OLUIFrontEnd_2.OLUIFrontEnd_EvidenceList_2
	Function OLGame.OLUIFrontEnd_EvidenceList:PopulateItemList:0293
[0275.06] ScriptWarning: Accessed None 'ContentsLabel'
	OLUIFrontEnd_EvidenceView DLC_Intro_Persistent.TheWorld:PersistentLevel.OLHUD_0.OLUIFrontEnd_2.OLUIFrontEnd_EvidenceView_2
	Function OLGame.OLUIFrontEnd_EvidenceView:OnViewActivated:000A
[0348.07] Log: KISMET: Remote event CarRideDone activated for 1 recipients
[0348.15] Log: --- SAVING CHECKPOINT "Admin_Gates" ---
[0359.76] Log: ### UpdateProfileFromSystemSettings - Current resolution is SR_1280x720 (1280 x 720, fullscreen: yes)
[0359.85] Warning: Warning, Failed to load 'Font None.Times New Roman': Failed to find object 'Font None.Times New Roman'
[0359.85] Warning: Warning, Failed to load 'Font None.Times New Roman': Failed to find object 'Font None.Times New Roman'
[0359.86] ScriptWarning: Accessed array 'OLUIFrontEnd_Credits_3.ViewStack' out of bounds (-1/0)
	OLUIFrontEnd_Credits DLC_Intro_Persistent.TheWorld:PersistentLevel.OLHUD_0.OLUIFrontEnd_3.OLUIFrontEnd_Credits_3
	Function OLGame.OLUIFrontEnd_Credits:WidgetInitialized:015E
[0359.87] ScriptWarning: Accessed None 'ItemList'
	OLUIFrontEnd_RecordingList DLC_Intro_Persistent.TheWorld:PersistentLevel.OLHUD_0.OLUIFrontEnd_3.OLUIFrontEnd_RecordingList_3
	Function OLGame.OLUIFrontEnd_RecordingList:PopulateItemList:01EE
[0359.87] ScriptWarning: Accessed None 'ItemList'
	OLUIFrontEnd_RecordingList DLC_Intro_Persistent.TheWorld:PersistentLevel.OLHUD_0.OLUIFrontEnd_3.OLUIFrontEnd_RecordingList_3
	Function OLGame.OLUIFrontEnd_RecordingList:PopulateItemList:0234
[0367.93] Log: ### UpdateProfileFromSystemSettings - Current resolution is SR_1280x720 (1280 x 720, fullscreen: yes)
[0368.01] Warning: Warning, Failed to load 'Font None.Times New Roman': Failed to find object 'Font None.Times New Roman'
[0368.01] Warning: Warning, Failed to load 'Font None.Times New Roman': Failed to find object 'Font None.Times New Roman'
[0368.01] ScriptWarning: Accessed array 'OLUIFrontEnd_Credits_4.ViewStack' out of bounds (-1/0)
	OLUIFrontEnd_Credits DLC_Intro_Persistent.TheWorld:PersistentLevel.OLHUD_0.OLUIFrontEnd_4.OLUIFrontEnd_Credits_4
	Function OLGame.OLUIFrontEnd_Credits:WidgetInitialized:015E
[0378.93] Log: ### UpdateProfileFromSystemSettings - Current resolution is SR_1280x720 (1280 x 720, fullscreen: yes)
[0379.03] ScriptWarning: Accessed None 'ButtonBar'
	OLUIFrontEnd_PauseMenu DLC_Intro_Persistent.TheWorld:PersistentLevel.OLHUD_0.OLUIFrontEnd_5.OLUIFrontEnd_PauseMenu_5
	Function OLGame.OLUIFrontEnd_PauseMenu:PopulateButtons:0400
[0379.03] ScriptWarning: Accessed None 'ButtonBar'
	OLUIFrontEnd_PauseMenu DLC_Intro_Persistent.TheWorld:PersistentLevel.OLHUD_0.OLUIFrontEnd_5.OLUIFrontEnd_PauseMenu_5
	Function OLGame.OLUIFrontEnd_PauseMenu:PopulateButtons:0436
[0379.05] Warning: Warning, Failed to load 'Font None.Times New Roman': Failed to find object 'Font None.Times New Roman'
[0379.05] Warning: Warning, Failed to load 'Font None.Times New Roman': Failed to find object 'Font None.Times New Roman'
[0389.45] Log: ### Applying resolution 1280 x 720 (Fullscreen: yes)
[0421.23] Log: ### UpdateProfileFromSystemSettings - Current resolution is SR_1280x720 (1280 x 720, fullscreen: yes)
[0421.28] ScriptWarning: Accessed None 'ButtonBar'
	OLUIFrontEnd_PauseMenu DLC_Intro_Persistent.TheWorld:PersistentLevel.OLHUD_0.OLUIFrontEnd_6.OLUIFrontEnd_PauseMenu_6
	Function OLGame.OLUIFrontEnd_PauseMenu:PopulateButtons:0400
[0421.28] ScriptWarning: Accessed None 'ButtonBar'
	OLUIFrontEnd_PauseMenu DLC_Intro_Persistent.TheWorld:PersistentLevel.OLHUD_0.OLUIFrontEnd_6.OLUIFrontEnd_PauseMenu_6
	Function OLGame.OLUIFrontEnd_PauseMenu:PopulateButtons:0436
[0421.29] Warning: Warning, Failed to load 'Font None.Times New Roman': Failed to find object 'Font None.Times New Roman'
[0421.29] Warning: Warning, Failed to load 'Font None.Times New Roman': Failed to find object 'Font None.Times New Roman'
[0434.08] Log: [OLHero_1] Special move started: SMT_OpenDoorInstant
[0434.08] Log: [OLHero_1] Activating adjustment of [X=29.527 Y=-21.902 Z=0.000] with heading error 8.50 degs in 0.18 seconds
[0434.67] Log:  ### --- Resetting level asylum_exterior-01a
[0435.27] Log: [OLHero_1] Special move completed: SMT_OpenDoorInstant
[0449.53] Log: ### UpdateProfileFromSystemSettings - Current resolution is SR_1280x720 (1280 x 720, fullscreen: yes)
[0449.63] Warning: Warning, Failed to load 'Font None.Times New Roman': Failed to find object 'Font None.Times New Roman'
[0449.63] Warning: Warning, Failed to load 'Font None.Times New Roman': Failed to find object 'Font None.Times New Roman'
[0449.64] ScriptWarning: Accessed array 'OLUIFrontEnd_Credits_7.ViewStack' out of bounds (-1/0)
	OLUIFrontEnd_Credits DLC_Intro_Persistent.TheWorld:PersistentLevel.OLHUD_0.OLUIFrontEnd_7.OLUIFrontEnd_Credits_7
	Function OLGame.OLUIFrontEnd_Credits:WidgetInitialized:015E
[0449.66] ScriptWarning: Accessed None 'ItemList'
	OLUIFrontEnd_RecordingList DLC_Intro_Persistent.TheWorld:PersistentLevel.OLHUD_0.OLUIFrontEnd_7.OLUIFrontEnd_RecordingList_7
	Function OLGame.OLUIFrontEnd_RecordingList:PopulateItemList:01EE
[0449.66] ScriptWarning: Accessed None 'ItemList'
	OLUIFrontEnd_RecordingList DLC_Intro_Persistent.TheWorld:PersistentLevel.OLHUD_0.OLUIFrontEnd_7.OLUIFrontEnd_RecordingList_7
	Function OLGame.OLUIFrontEnd_RecordingList:PopulateItemList:026A
[0486.42] Log: ### UpdateProfileFromSystemSettings - Current resolution is SR_1280x720 (1280 x 720, fullscreen: yes)
[0486.49] Warning: Warning, Failed to load 'Font None.Times New Roman': Failed to find object 'Font None.Times New Roman'
[0486.49] Warning: Warning, Failed to load 'Font None.Times New Roman': Failed to find object 'Font None.Times New Roman'
[0486.49] ScriptWarning: Accessed array 'OLUIFrontEnd_Credits_8.ViewStack' out of bounds (-1/0)
	OLUIFrontEnd_Credits DLC_Intro_Persistent.TheWorld:PersistentLevel.OLHUD_0.OLUIFrontEnd_8.OLUIFrontEnd_Credits_8
	Function OLGame.OLUIFrontEnd_Credits:WidgetInitialized:015E
[0495.69] Log: KISMET: Remote event OutdoorWindCenter activated for 1 recipients
[0503.57] Log:  ### --- Resetting level asylum_exterior-01b
[0521.85] Log: [OLHero_1] Special move started: SMT_TryOpenLockedDoor
[0521.85] Log: [OLHero_1] Activating adjustment of [X=-2.249 Y=41.548 Z=0.000] with heading error -9.53 degs in 0.21 seconds
[0524.04] Log: [OLHero_1] Special move completed: SMT_TryOpenLockedDoor
[0526.12] Log: [OLHero_1] Special move started: SMT_TryOpenLockedDoor
[0526.12] Log: [OLHero_1] Activating adjustment of [X=0.025 Y=-94.579 Z=0.000] with heading error 44.45 degs in 0.47 seconds
[0528.47] Log: [OLHero_1] Special move completed: SMT_TryOpenLockedDoor
[0546.56] Log:  ### --- Resetting level center_block_explosionroom-art
[0554.80] Log: [OLHero_1] Special move started: SMT_Crouch
[0555.10] Log: [OLHero_1] Special move completed: SMT_Crouch
[0555.10] Log: [OLHero_1] Special move started: SMT_Uncrouch
[0555.46] Log: [OLHero_1] Special move completed: SMT_Uncrouch
[0555.79] Log: [OLHero_1] Special move started: SMT_Crouch
[0556.93] Log: [OLHero_1] Special move completed: SMT_Crouch
[0559.49] Log: --- SAVING CHECKPOINT "Admin_Garden" ---
[0562.13] Log: [OLHero_1] Special move started: SMT_Uncrouch
[0563.14] Log: [OLHero_1] Special move completed: SMT_Uncrouch
[0581.21] Log: [OLHero_1] Special move started: SMT_TryOpenLockedDoor
[0581.21] Log: [OLHero_1] Activating adjustment of [X=55.158 Y=3.007 Z=0.000] with heading error -21.25 degs in 0.28 seconds
[0583.38] Log: [OLHero_1] Special move completed: SMT_TryOpenLockedDoor
[0584.90] Log: [OLHero_1] Special move started: SMT_TryOpenLockedDoor
[0584.90] Log: [OLHero_1] Activating adjustment of [X=13.066 Y=-0.009 Z=0.000] with heading error -31.53 degs in 0.21 seconds
[0587.07] Log: [OLHero_1] Special move completed: SMT_TryOpenLockedDoor
[0615.96] Log: KISMET: Remote event Music_Climbing activated for 1 recipients
[0617.34] Log: [OLHero_1] Special move started: SMT_EnterLadderFromGround
[0617.34] Log: [OLHero_1] Activating adjustment of [X=21.859 Y=-29.926 Z=8.854] with heading error 0.10 degs in 0.19 seconds
[0618.04] Log: [OLHero_1] Special move completed: SMT_EnterLadderFromGround
[0620.80] Log: [OLHero_1] Special move started: SMT_ExitLadderOnTop
[0623.12] Log: [OLHero_1] Special move completed: SMT_ExitLadderOnTop
[0623.12] Log: TryAdjustCollisionSizeForLocomotionMode failed for mode LM_Walk
[0631.26] Log: [OLHero_1] Special move started: SMT_EnterLadderFromAbove
[0631.26] Log: [OLHero_1] Activating adjustment of [X=-19.021 Y=31.810 Z=0.812] with heading error -31.72 degs in 0.21 seconds
[0633.27] Log: KISMET: Remote event Music_Climbing activated for 1 recipients
[0633.94] Log: [OLHero_1] Special move completed: SMT_EnterLadderFromAbove
[0634.02] Log: [OLHero_1] Special move started: SMT_ExitLadderOnTop
[0636.33] Log: [OLHero_1] Special move completed: SMT_ExitLadderOnTop
[0636.33] Log: TryAdjustCollisionSizeForLocomotionMode failed for mode LM_Walk
[0654.85] Log: [OLHero_1] Special move started: SMT_GrabLedgeFromGround
[0654.85] Log: [OLHero_1] Activating adjustment of [X=3.468 Y=59.670 Z=0.000] with heading error -0.74 degs in 0.30 seconds
[0656.19] Log: [OLHero_1] Special move completed: SMT_GrabLedgeFromGround
[0658.63] Log: [OLHero_1] Special move started: SMT_ClimbUpLedge
[0658.63] Log: [OLHero_1] Activating adjustment of [X=0.000 Y=0.000 Z=-0.023] with heading error 0.00 degs in 0.00 seconds
[0659.49] Log: [OLHero_1] Special move completed: SMT_ClimbUpLedge
[0669.86] Log:  ### --- Resetting level center_block_02
[0669.99] Log:  ### --- Resetting level center_block_02_chunka
[0670.23] Log:  ### --- Resetting level center_block_floors_snd
[0675.88] Log: [OLHero_1] Special move started: SMT_ClimbOverWall
[0675.88] Log: [OLHero_1] Activating adjustment of [X=35.963 Y=-6.496 Z=24.888] with heading error 9.76 degs in 0.18 seconds
[0677.29] Log: KISMET: Remote event MUS_BULB_EXPLOSE activated for 2 recipients
[0677.39] Log: --- SAVING CHECKPOINT "Admin_Explosion" ---
[0677.69] Log:  ### --- Resetting level center_block_02_chunkc
[0677.70] Log: [OLHero_1] Special move completed: SMT_ClimbOverWall
[0677.70] Log: TryAdjustCollisionSizeForLocomotionMode failed for mode LM_Walk
[0677.85] Log:  ### --- Resetting level center_block_sript
[0677.86] Log: KISMET: Remote event WheelchairReady activated for 1 recipients
[0682.33] Log: [OLHero_1] Special move started: SMT_PushFromLedgeProcedural
[0682.60] Log: [OLHero_1] Special move completed: SMT_PushFromLedgeProcedural
[0720.67] Log: ### UpdateProfileFromSystemSettings - Current resolution is SR_1280x720 (1280 x 720, fullscreen: yes)
[0720.72] ScriptWarning: Accessed None 'ButtonBar'
	OLUIFrontEnd_PauseMenu DLC_Intro_Persistent.TheWorld:PersistentLevel.OLHUD_0.OLUIFrontEnd_9.OLUIFrontEnd_PauseMenu_9
	Function OLGame.OLUIFrontEnd_PauseMenu:PopulateButtons:0400
[0720.72] ScriptWarning: Accessed None 'ButtonBar'
	OLUIFrontEnd_PauseMenu DLC_Intro_Persistent.TheWorld:PersistentLevel.OLHUD_0.OLUIFrontEnd_9.OLUIFrontEnd_PauseMenu_9
	Function OLGame.OLUIFrontEnd_PauseMenu:PopulateButtons:0436
[0720.74] Warning: Warning, Failed to load 'Font None.Times New Roman': Failed to find object 'Font None.Times New Roman'
[0720.74] Warning: Warning, Failed to load 'Font None.Times New Roman': Failed to find object 'Font None.Times New Roman'
[0752.05] Log: [OLHero_1] Special move started: SMT_EnterDoorInteraction
[0752.05] Log: [OLHero_1] Activating adjustment of [X=85.788 Y=-93.909 Z=0.000] with heading error 27.49 degs in 0.64 seconds
[0752.72] Log: [OLHero_1] Special move completed: SMT_EnterDoorInteraction
[0755.69] Log:  ### --- Resetting level adminblock_fake_outside_01-art
[0798.94] Log: ### UpdateProfileFromSystemSettings - Current resolution is SR_1280x720 (1280 x 720, fullscreen: yes)
[0799.00] ScriptWarning: Accessed None 'ButtonBar'
	OLUIFrontEnd_PauseMenu DLC_Intro_Persistent.TheWorld:PersistentLevel.OLHUD_0.OLUIFrontEnd_10.OLUIFrontEnd_PauseMenu_10
	Function OLGame.OLUIFrontEnd_PauseMenu:PopulateButtons:0400
[0799.00] ScriptWarning: Accessed None 'ButtonBar'
	OLUIFrontEnd_PauseMenu DLC_Intro_Persistent.TheWorld:PersistentLevel.OLHUD_0.OLUIFrontEnd_10.OLUIFrontEnd_PauseMenu_10
	Function OLGame.OLUIFrontEnd_PauseMenu:PopulateButtons:0436
[0799.02] Warning: Warning, Failed to load 'Font None.Times New Roman': Failed to find object 'Font None.Times New Roman'
[0799.02] Warning: Warning, Failed to load 'Font None.Times New Roman': Failed to find object 'Font None.Times New Roman'
[0802.72] Log: --- SAVING CHECKPOINT "Admin_Explosion" ---
[0802.74] DevGameState: Resetting GameState
[0802.75] Log: LoadMap: DLC_Intro_Persistent?Name=Player?Team=255
[0802.75] Log: --- LOADING MOVIE START ---
[0803.13] Log: Game class is 'OLGame'
[0803.31] Log: Primary PhysX scene will be in software.
[0803.31] Log: Creating Primary PhysX Scene.
[0803.31] Log: *** WARNING - PATHS MAY NOT BE VALID ***
[0803.31] Log: Bringing World DLC_Intro_Persistent.TheWorld up for play (0) at 2019.12.10-23.22.07
[0803.31] Log: Bringing up level for play took: 0.178914
[0803.31] Log: Playing DLC - invalid checkpoint but DLC persistent
[0805.28] Log: Reloaded all WWise Banks for DLC
[0805.29] Error: Can't start an online game that hasn't been created
[0805.32] Error: StartLocalVoiceProcessing(): Device is currently owned by another user
[0805.32] Log: ########### Finished loading level: 2.568981 seconds
[0805.32] Log: Flushing async loaders.
[0805.38] Log: Flushed async loaders.
[0805.38] Log: ActivateLevel dlc_mainmenugame 1 1 1
[0805.38] Log: ### Applying resolution 1280 x 720 (Fullscreen: yes)
[0805.42] Log: Flushing async loaders.
[0805.48] Log: Flushed async loaders.
[0805.48] Log:  ### --- Resetting level dlc_checkpoints
[0805.48] Log:  ### --- Resetting level x_checkpoints
[0805.48] Log: No Cached BSP Physics Data Found Or Out Of Date - Cooking Now.
[0805.48] Log: COOKEDPHYSICS: BSP 0.00 KB
[0805.49] Log:  ### --- Resetting level dlc_mainmenugame
[0805.72] Log: ### UpdateProfileFromSystemSettings - Current resolution is SR_1280x720 (1280 x 720, fullscreen: yes)
[0805.86] Warning: Warning, Failed to load 'Font None.Times New Roman': Failed to find object 'Font None.Times New Roman'
[0805.86] Warning: Warning, Failed to load 'Font None.Times New Roman': Failed to find object 'Font None.Times New Roman'
[0807.07] Log: --- LOADING MOVIE TIME: 4.32 sec ---
[0808.79] Log: Closing by request
[0808.79] Log: appRequestExit(0)
[0808.92] Exit: Preparing to exit.
[0809.25] Exit: Game engine shut down
[0809.82] Exit: Windows client shut down
[0809.93] Exit: XAudio2 Device shut down.
[0810.00] Exit: AK Audio shut down.
[0810.26] Exit: Object subsystem successfully closed.
[0810.34] Log: Shutting down FaceFX...
[0810.34] Log: FaceFX shutdown.
[0810.42] Exit: Exiting.
[0810.43] Log: Log file closed, 12/10/19 23:22:14
